INFO:     Started server process [72504]
INFO:     Waiting for application startup.
INFO:     Application startup complete.
INFO:     Uvicorn running on http://0.0.0.0:13000 (Press CTRL+C to quit)
üöÄ Starting Reader QAQ API...
‚úÖ Application started successfully
INFO:     127.0.0.1:53054 - "GET /api/kb/subscriptions/list?page=1&pageSize=20 HTTP/1.1" 200 OK
INFO:     127.0.0.1:53066 - "GET /api/kb/featured/list?page=1&pageSize=30 HTTP/1.1" 200 OK
INFO:     127.0.0.1:53064 - "GET /api/kb?page=1&pageSize=20 HTTP/1.1" 200 OK
INFO:     127.0.0.1:53082 - "GET /api/kb/subscriptions/list?page=1&pageSize=20 HTTP/1.1" 200 OK
INFO:     127.0.0.1:53088 - "GET /api/kb/featured/list?page=1&pageSize=30 HTTP/1.1" 200 OK
INFO:     127.0.0.1:53090 - "GET /api/kb?page=1&pageSize=20 HTTP/1.1" 200 OK
‚ùå Uncaught exception: (sqlalchemy.dialects.postgresql.asyncpg.InterfaceError) <class 'asyncpg.exceptions._base.InterfaceError'>: connection is closed
[SQL: SELECT users.id, users.email, users.password_hash, users.name, users.avatar, users.created_at, users.updated_at 
FROM users 
WHERE users.email = $1::VARCHAR]
[parameters: ('test@reader.com',)]
(Background on this error at: https://sqlalche.me/e/20/rvf5)
INFO:     192.168.0.5:58756 - "POST /api/auth/login HTTP/1.0" 500 Internal Server Error
ERROR:    Exception in ASGI application
Traceback (most recent call last):
  File "/data/anaconda3/lib/python3.10/site-packages/sqlalchemy/dialects/postgresql/asyncpg.py", line 854, in _start_transaction
    self._transaction = self._connection.transaction(
  File "/data/anaconda3/lib/python3.10/site-packages/asyncpg/connection.py", line 303, in transaction
    self._check_open()
  File "/data/anaconda3/lib/python3.10/site-packages/asyncpg/connection.py", line 1534, in _check_open
    raise exceptions.InterfaceError('connection is closed')
asyncpg.exceptions._base.InterfaceError: connection is closed

The above exception was the direct cause of the following exception:

Traceback (most recent call last):
  File "/data/anaconda3/lib/python3.10/site-packages/sqlalchemy/engine/base.py", line 1969, in _exec_single_context
    self.dialect.do_execute(
  File "/data/anaconda3/lib/python3.10/site-packages/sqlalchemy/engine/default.py", line 922, in do_execute
    cursor.execute(statement, parameters)
  File "/data/anaconda3/lib/python3.10/site-packages/sqlalchemy/dialects/postgresql/asyncpg.py", line 591, in execute
    self._adapt_connection.await_(
  File "/data/anaconda3/lib/python3.10/site-packages/sqlalchemy/util/_concurrency_py3k.py", line 125, in await_only
    return current.driver.switch(awaitable)  # type: ignore[no-any-return]
  File "/data/anaconda3/lib/python3.10/site-packages/sqlalchemy/util/_concurrency_py3k.py", line 185, in greenlet_spawn
    value = await result
  File "/data/anaconda3/lib/python3.10/site-packages/sqlalchemy/dialects/postgresql/asyncpg.py", line 527, in _prepare_and_execute
    await adapt_connection._start_transaction()
  File "/data/anaconda3/lib/python3.10/site-packages/sqlalchemy/dialects/postgresql/asyncpg.py", line 861, in _start_transaction
    self._handle_exception(error)
  File "/data/anaconda3/lib/python3.10/site-packages/sqlalchemy/dialects/postgresql/asyncpg.py", line 808, in _handle_exception
    raise translated_error from error
sqlalchemy.dialects.postgresql.asyncpg.AsyncAdapt_asyncpg_dbapi.InterfaceError: <class 'asyncpg.exceptions._base.InterfaceError'>: connection is closed

The above exception was the direct cause of the following exception:

Traceback (most recent call last):
  File "/data/anaconda3/lib/python3.10/site-packages/uvicorn/protocols/http/httptools_impl.py", line 426, in run_asgi
    result = await app(  # type: ignore[func-returns-value]
  File "/data/anaconda3/lib/python3.10/site-packages/uvicorn/middleware/proxy_headers.py", line 84, in __call__
    return await self.app(scope, receive, send)
  File "/data/anaconda3/lib/python3.10/site-packages/fastapi/applications.py", line 1106, in __call__
    await super().__call__(scope, receive, send)
  File "/data/anaconda3/lib/python3.10/site-packages/starlette/applications.py", line 122, in __call__
    await self.middleware_stack(scope, receive, send)
  File "/data/anaconda3/lib/python3.10/site-packages/starlette/middleware/errors.py", line 184, in __call__
    raise exc
  File "/data/anaconda3/lib/python3.10/site-packages/starlette/middleware/errors.py", line 162, in __call__
    await self.app(scope, receive, _send)
  File "/data/anaconda3/lib/python3.10/site-packages/starlette/middleware/cors.py", line 91, in __call__
    await self.simple_response(scope, receive, send, request_headers=headers)
  File "/data/anaconda3/lib/python3.10/site-packages/starlette/middleware/cors.py", line 146, in simple_response
    await self.app(scope, receive, send)
  File "/data/anaconda3/lib/python3.10/site-packages/starlette/middleware/exceptions.py", line 79, in __call__
    raise exc
  File "/data/anaconda3/lib/python3.10/site-packages/starlette/middleware/exceptions.py", line 68, in __call__
    await self.app(scope, receive, sender)
  File "/data/anaconda3/lib/python3.10/site-packages/fastapi/middleware/asyncexitstack.py", line 20, in __call__
    raise e
  File "/data/anaconda3/lib/python3.10/site-packages/fastapi/middleware/asyncexitstack.py", line 17, in __call__
    await self.app(scope, receive, send)
  File "/data/anaconda3/lib/python3.10/site-packages/starlette/routing.py", line 718, in __call__
    await route.handle(scope, receive, send)
  File "/data/anaconda3/lib/python3.10/site-packages/starlette/routing.py", line 276, in handle
    await self.app(scope, receive, send)
  File "/data/anaconda3/lib/python3.10/site-packages/starlette/routing.py", line 66, in app
    response = await func(request)
  File "/data/anaconda3/lib/python3.10/site-packages/fastapi/routing.py", line 274, in app
    raw_response = await run_endpoint_function(
  File "/data/anaconda3/lib/python3.10/site-packages/fastapi/routing.py", line 191, in run_endpoint_function
    return await dependant.call(**values)
  File "/data/ht/workspace/Reader_QAQ/src/controllers/auth_controller.py", line 20, in login
    token, user_data = await service.login(request.email, request.password)
  File "/data/ht/workspace/Reader_QAQ/src/services/auth_service.py", line 20, in login
    user = await self.user_repo.get_by_email(email)
  File "/data/ht/workspace/Reader_QAQ/src/repositories/user_repository.py", line 23, in get_by_email
    result = await self.db.execute(
  File "/data/anaconda3/lib/python3.10/site-packages/sqlalchemy/ext/asyncio/session.py", line 455, in execute
    result = await greenlet_spawn(
  File "/data/anaconda3/lib/python3.10/site-packages/sqlalchemy/util/_concurrency_py3k.py", line 190, in greenlet_spawn
    result = context.throw(*sys.exc_info())
  File "/data/anaconda3/lib/python3.10/site-packages/sqlalchemy/orm/session.py", line 2308, in execute
    return self._execute_internal(
  File "/data/anaconda3/lib/python3.10/site-packages/sqlalchemy/orm/session.py", line 2190, in _execute_internal
    result: Result[Any] = compile_state_cls.orm_execute_statement(
  File "/data/anaconda3/lib/python3.10/site-packages/sqlalchemy/orm/context.py", line 293, in orm_execute_statement
    result = conn.execute(
  File "/data/anaconda3/lib/python3.10/site-packages/sqlalchemy/engine/base.py", line 1416, in execute
    return meth(
  File "/data/anaconda3/lib/python3.10/site-packages/sqlalchemy/sql/elements.py", line 516, in _execute_on_connection
    return connection._execute_clauseelement(
  File "/data/anaconda3/lib/python3.10/site-packages/sqlalchemy/engine/base.py", line 1639, in _execute_clauseelement
    ret = self._execute_context(
  File "/data/anaconda3/lib/python3.10/site-packages/sqlalchemy/engine/base.py", line 1848, in _execute_context
    return self._exec_single_context(
  File "/data/anaconda3/lib/python3.10/site-packages/sqlalchemy/engine/base.py", line 1988, in _exec_single_context
    self._handle_dbapi_exception(
  File "/data/anaconda3/lib/python3.10/site-packages/sqlalchemy/engine/base.py", line 2343, in _handle_dbapi_exception
    raise sqlalchemy_exception.with_traceback(exc_info[2]) from e
  File "/data/anaconda3/lib/python3.10/site-packages/sqlalchemy/engine/base.py", line 1969, in _exec_single_context
    self.dialect.do_execute(
  File "/data/anaconda3/lib/python3.10/site-packages/sqlalchemy/engine/default.py", line 922, in do_execute
    cursor.execute(statement, parameters)
  File "/data/anaconda3/lib/python3.10/site-packages/sqlalchemy/dialects/postgresql/asyncpg.py", line 591, in execute
    self._adapt_connection.await_(
  File "/data/anaconda3/lib/python3.10/site-packages/sqlalchemy/util/_concurrency_py3k.py", line 125, in await_only
    return current.driver.switch(awaitable)  # type: ignore[no-any-return]
  File "/data/anaconda3/lib/python3.10/site-packages/sqlalchemy/util/_concurrency_py3k.py", line 185, in greenlet_spawn
    value = await result
  File "/data/anaconda3/lib/python3.10/site-packages/sqlalchemy/dialects/postgresql/asyncpg.py", line 527, in _prepare_and_execute
    await adapt_connection._start_transaction()
  File "/data/anaconda3/lib/python3.10/site-packages/sqlalchemy/dialects/postgresql/asyncpg.py", line 861, in _start_transaction
    self._handle_exception(error)
  File "/data/anaconda3/lib/python3.10/site-packages/sqlalchemy/dialects/postgresql/asyncpg.py", line 808, in _handle_exception
    raise translated_error from error
sqlalchemy.exc.InterfaceError: (sqlalchemy.dialects.postgresql.asyncpg.InterfaceError) <class 'asyncpg.exceptions._base.InterfaceError'>: connection is closed
[SQL: SELECT users.id, users.email, users.password_hash, users.name, users.avatar, users.created_at, users.updated_at 
FROM users 
WHERE users.email = $1::VARCHAR]
[parameters: ('test@reader.com',)]
(Background on this error at: https://sqlalche.me/e/20/rvf5)
INFO:     192.168.0.5:45622 - "POST /api/auth/login HTTP/1.0" 404 Not Found
INFO:     192.168.0.5:45908 - "POST /api/auth/login HTTP/1.0" 404 Not Found
INFO:     127.0.0.1:41012 - "GET /api/kb?page=1&pageSize=20 HTTP/1.1" 200 OK
INFO:     127.0.0.1:41028 - "GET /api/kb/featured/list?page=1&pageSize=30 HTTP/1.1" 200 OK
INFO:     127.0.0.1:41000 - "GET /api/kb/subscriptions/list?page=1&pageSize=20 HTTP/1.1" 200 OK
INFO:     127.0.0.1:41034 - "GET /api/kb?page=1&pageSize=20 HTTP/1.1" 200 OK
INFO:     127.0.0.1:41044 - "GET /api/kb/featured/list?page=1&pageSize=30 HTTP/1.1" 200 OK
INFO:     127.0.0.1:41052 - "GET /api/kb/subscriptions/list?page=1&pageSize=20 HTTP/1.1" 200 OK
INFO:     192.168.0.5:55628 - "GET /api/ HTTP/1.0" 404 Not Found
INFO:     192.168.0.5:53382 - "GET / HTTP/1.1" 404 Not Found
INFO:     192.168.0.5:53388 - "GET /api/health HTTP/1.0" 200 OK
INFO:     192.168.0.5:38540 - "GET /api/health HTTP/1.0" 200 OK
‚ùå Uncaught exception: (sqlalchemy.dialects.postgresql.asyncpg.InterfaceError) <class 'asyncpg.exceptions._base.InterfaceError'>: connection is closed
[SQL: SELECT users.id, users.email, users.password_hash, users.name, users.avatar, users.created_at, users.updated_at 
FROM users 
WHERE users.email = $1::VARCHAR]
[parameters: ('test@qq.com',)]
(Background on this error at: https://sqlalche.me/e/20/rvf5)
INFO:     192.168.0.5:56506 - "POST /api/auth/login HTTP/1.0" 500 Internal Server Error
ERROR:    Exception in ASGI application
Traceback (most recent call last):
  File "/data/anaconda3/lib/python3.10/site-packages/sqlalchemy/dialects/postgresql/asyncpg.py", line 854, in _start_transaction
    self._transaction = self._connection.transaction(
  File "/data/anaconda3/lib/python3.10/site-packages/asyncpg/connection.py", line 303, in transaction
    self._check_open()
  File "/data/anaconda3/lib/python3.10/site-packages/asyncpg/connection.py", line 1534, in _check_open
    raise exceptions.InterfaceError('connection is closed')
asyncpg.exceptions._base.InterfaceError: connection is closed

The above exception was the direct cause of the following exception:

Traceback (most recent call last):
  File "/data/anaconda3/lib/python3.10/site-packages/sqlalchemy/engine/base.py", line 1969, in _exec_single_context
    self.dialect.do_execute(
  File "/data/anaconda3/lib/python3.10/site-packages/sqlalchemy/engine/default.py", line 922, in do_execute
    cursor.execute(statement, parameters)
  File "/data/anaconda3/lib/python3.10/site-packages/sqlalchemy/dialects/postgresql/asyncpg.py", line 591, in execute
    self._adapt_connection.await_(
  File "/data/anaconda3/lib/python3.10/site-packages/sqlalchemy/util/_concurrency_py3k.py", line 125, in await_only
    return current.driver.switch(awaitable)  # type: ignore[no-any-return]
  File "/data/anaconda3/lib/python3.10/site-packages/sqlalchemy/util/_concurrency_py3k.py", line 185, in greenlet_spawn
    value = await result
  File "/data/anaconda3/lib/python3.10/site-packages/sqlalchemy/dialects/postgresql/asyncpg.py", line 527, in _prepare_and_execute
    await adapt_connection._start_transaction()
  File "/data/anaconda3/lib/python3.10/site-packages/sqlalchemy/dialects/postgresql/asyncpg.py", line 861, in _start_transaction
    self._handle_exception(error)
  File "/data/anaconda3/lib/python3.10/site-packages/sqlalchemy/dialects/postgresql/asyncpg.py", line 808, in _handle_exception
    raise translated_error from error
sqlalchemy.dialects.postgresql.asyncpg.AsyncAdapt_asyncpg_dbapi.InterfaceError: <class 'asyncpg.exceptions._base.InterfaceError'>: connection is closed

The above exception was the direct cause of the following exception:

Traceback (most recent call last):
  File "/data/anaconda3/lib/python3.10/site-packages/uvicorn/protocols/http/httptools_impl.py", line 426, in run_asgi
    result = await app(  # type: ignore[func-returns-value]
  File "/data/anaconda3/lib/python3.10/site-packages/uvicorn/middleware/proxy_headers.py", line 84, in __call__
    return await self.app(scope, receive, send)
  File "/data/anaconda3/lib/python3.10/site-packages/fastapi/applications.py", line 1106, in __call__
    await super().__call__(scope, receive, send)
  File "/data/anaconda3/lib/python3.10/site-packages/starlette/applications.py", line 122, in __call__
    await self.middleware_stack(scope, receive, send)
  File "/data/anaconda3/lib/python3.10/site-packages/starlette/middleware/errors.py", line 184, in __call__
    raise exc
  File "/data/anaconda3/lib/python3.10/site-packages/starlette/middleware/errors.py", line 162, in __call__
    await self.app(scope, receive, _send)
  File "/data/anaconda3/lib/python3.10/site-packages/starlette/middleware/cors.py", line 91, in __call__
    await self.simple_response(scope, receive, send, request_headers=headers)
  File "/data/anaconda3/lib/python3.10/site-packages/starlette/middleware/cors.py", line 146, in simple_response
    await self.app(scope, receive, send)
  File "/data/anaconda3/lib/python3.10/site-packages/starlette/middleware/exceptions.py", line 79, in __call__
    raise exc
  File "/data/anaconda3/lib/python3.10/site-packages/starlette/middleware/exceptions.py", line 68, in __call__
    await self.app(scope, receive, sender)
  File "/data/anaconda3/lib/python3.10/site-packages/fastapi/middleware/asyncexitstack.py", line 20, in __call__
    raise e
  File "/data/anaconda3/lib/python3.10/site-packages/fastapi/middleware/asyncexitstack.py", line 17, in __call__
    await self.app(scope, receive, send)
  File "/data/anaconda3/lib/python3.10/site-packages/starlette/routing.py", line 718, in __call__
    await route.handle(scope, receive, send)
  File "/data/anaconda3/lib/python3.10/site-packages/starlette/routing.py", line 276, in handle
    await self.app(scope, receive, send)
  File "/data/anaconda3/lib/python3.10/site-packages/starlette/routing.py", line 66, in app
    response = await func(request)
  File "/data/anaconda3/lib/python3.10/site-packages/fastapi/routing.py", line 274, in app
    raw_response = await run_endpoint_function(
  File "/data/anaconda3/lib/python3.10/site-packages/fastapi/routing.py", line 191, in run_endpoint_function
    return await dependant.call(**values)
  File "/data/ht/workspace/Reader_QAQ/src/controllers/auth_controller.py", line 20, in login
    token, user_data = await service.login(request.email, request.password)
  File "/data/ht/workspace/Reader_QAQ/src/services/auth_service.py", line 20, in login
    user = await self.user_repo.get_by_email(email)
  File "/data/ht/workspace/Reader_QAQ/src/repositories/user_repository.py", line 23, in get_by_email
    result = await self.db.execute(
  File "/data/anaconda3/lib/python3.10/site-packages/sqlalchemy/ext/asyncio/session.py", line 455, in execute
    result = await greenlet_spawn(
  File "/data/anaconda3/lib/python3.10/site-packages/sqlalchemy/util/_concurrency_py3k.py", line 190, in greenlet_spawn
    result = context.throw(*sys.exc_info())
  File "/data/anaconda3/lib/python3.10/site-packages/sqlalchemy/orm/session.py", line 2308, in execute
    return self._execute_internal(
  File "/data/anaconda3/lib/python3.10/site-packages/sqlalchemy/orm/session.py", line 2190, in _execute_internal
    result: Result[Any] = compile_state_cls.orm_execute_statement(
  File "/data/anaconda3/lib/python3.10/site-packages/sqlalchemy/orm/context.py", line 293, in orm_execute_statement
    result = conn.execute(
  File "/data/anaconda3/lib/python3.10/site-packages/sqlalchemy/engine/base.py", line 1416, in execute
    return meth(
  File "/data/anaconda3/lib/python3.10/site-packages/sqlalchemy/sql/elements.py", line 516, in _execute_on_connection
    return connection._execute_clauseelement(
  File "/data/anaconda3/lib/python3.10/site-packages/sqlalchemy/engine/base.py", line 1639, in _execute_clauseelement
    ret = self._execute_context(
  File "/data/anaconda3/lib/python3.10/site-packages/sqlalchemy/engine/base.py", line 1848, in _execute_context
    return self._exec_single_context(
  File "/data/anaconda3/lib/python3.10/site-packages/sqlalchemy/engine/base.py", line 1988, in _exec_single_context
    self._handle_dbapi_exception(
  File "/data/anaconda3/lib/python3.10/site-packages/sqlalchemy/engine/base.py", line 2343, in _handle_dbapi_exception
    raise sqlalchemy_exception.with_traceback(exc_info[2]) from e
  File "/data/anaconda3/lib/python3.10/site-packages/sqlalchemy/engine/base.py", line 1969, in _exec_single_context
    self.dialect.do_execute(
  File "/data/anaconda3/lib/python3.10/site-packages/sqlalchemy/engine/default.py", line 922, in do_execute
    cursor.execute(statement, parameters)
  File "/data/anaconda3/lib/python3.10/site-packages/sqlalchemy/dialects/postgresql/asyncpg.py", line 591, in execute
    self._adapt_connection.await_(
  File "/data/anaconda3/lib/python3.10/site-packages/sqlalchemy/util/_concurrency_py3k.py", line 125, in await_only
    return current.driver.switch(awaitable)  # type: ignore[no-any-return]
  File "/data/anaconda3/lib/python3.10/site-packages/sqlalchemy/util/_concurrency_py3k.py", line 185, in greenlet_spawn
    value = await result
  File "/data/anaconda3/lib/python3.10/site-packages/sqlalchemy/dialects/postgresql/asyncpg.py", line 527, in _prepare_and_execute
    await adapt_connection._start_transaction()
  File "/data/anaconda3/lib/python3.10/site-packages/sqlalchemy/dialects/postgresql/asyncpg.py", line 861, in _start_transaction
    self._handle_exception(error)
  File "/data/anaconda3/lib/python3.10/site-packages/sqlalchemy/dialects/postgresql/asyncpg.py", line 808, in _handle_exception
    raise translated_error from error
sqlalchemy.exc.InterfaceError: (sqlalchemy.dialects.postgresql.asyncpg.InterfaceError) <class 'asyncpg.exceptions._base.InterfaceError'>: connection is closed
[SQL: SELECT users.id, users.email, users.password_hash, users.name, users.avatar, users.created_at, users.updated_at 
FROM users 
WHERE users.email = $1::VARCHAR]
[parameters: ('test@qq.com',)]
(Background on this error at: https://sqlalche.me/e/20/rvf5)
INFO:     192.168.0.5:52836 - "POST /api/auth/login HTTP/1.0" 404 Not Found
INFO:     192.168.0.5:38320 - "GET / HTTP/1.1" 404 Not Found
INFO:     127.0.0.1:53942 - "GET /api/auth HTTP/1.1" 404 Not Found
INFO:     127.0.0.1:59670 - "GET /docs HTTP/1.1" 404 Not Found
INFO:     127.0.0.1:43254 - "GET / HTTP/1.1" 404 Not Found
INFO:     127.0.0.1:43262 - "GET /health HTTP/1.1" 404 Not Found
INFO:     Shutting down
INFO:     Waiting for application shutdown.
INFO:     Application shutdown complete.
INFO:     Finished server process [72504]
üõë Shutting down...
‚úÖ Cleanup completed
INFO:     Started server process [1250342]
INFO:     Waiting for application startup.
INFO:     Application startup complete.
INFO:     Uvicorn running on http://0.0.0.0:13000 (Press CTRL+C to quit)
üöÄ Starting Reader QAQ API...
‚úÖ Application started successfully
INFO:     192.168.0.5:35578 - "GET /api/kb?page=1&pageSize=20 HTTP/1.0" 200 OK
INFO:     192.168.0.5:35586 - "GET /api/kb/featured/list?page=1&pageSize=30 HTTP/1.0" 200 OK
INFO:     192.168.0.5:35596 - "GET /api/kb/subscriptions/list?page=1&pageSize=20 HTTP/1.0" 200 OK
INFO:     192.168.0.5:35600 - "GET /api/kb/public/list?page=1&pageSize=20&category=%E5%B7%A5%E5%AD%A6 HTTP/1.0" 200 OK
INFO:     192.168.0.5:35608 - "GET /api/kb/public/list?page=1&pageSize=20&category=%E7%BB%8F%E6%B5%8E%E5%AD%A6 HTTP/1.0" 200 OK
INFO:     192.168.0.5:46292 - "GET /api/kb/public/list?page=1&pageSize=20&category=%E5%B7%A5%E5%AD%A6 HTTP/1.0" 200 OK
INFO:     192.168.0.5:46298 - "GET /api/kb/featured/list?page=1&pageSize=30 HTTP/1.0" 200 OK
INFO:     192.168.0.5:33640 - "GET /api/kb/featured/list?page=1&pageSize=30 HTTP/1.0" 200 OK
INFO:     192.168.0.5:33634 - "GET /api/kb?page=1&pageSize=20 HTTP/1.0" 200 OK
INFO:     192.168.0.5:33630 - "GET /api/kb/subscriptions/list?page=1&pageSize=20 HTTP/1.0" 200 OK
INFO:     192.168.0.5:33666 - "GET /api/kb/featured/list?page=1&pageSize=30 HTTP/1.0" 200 OK
INFO:     192.168.0.5:33662 - "GET /api/kb?page=1&pageSize=20 HTTP/1.0" 200 OK
INFO:     192.168.0.5:33648 - "GET /api/kb/subscriptions/list?page=1&pageSize=20 HTTP/1.0" 200 OK
INFO:     192.168.0.5:33678 - "GET /api/kb/public/list?page=1&pageSize=20&category=%E5%B7%A5%E5%AD%A6 HTTP/1.0" 200 OK
INFO:     192.168.0.5:33688 - "GET /api/kb/public/list?page=1&pageSize=20&category=%E7%BB%8F%E6%B5%8E%E5%AD%A6 HTTP/1.0" 200 OK
INFO:     192.168.0.5:33698 - "GET /api/kb/public/list?page=1&pageSize=20&category=%E7%AE%A1%E7%90%86%E5%AD%A6 HTTP/1.0" 200 OK
INFO:     192.168.0.5:33708 - "GET /api/kb/public/list?page=1&pageSize=20&category=%E6%96%87%E5%AD%A6 HTTP/1.0" 200 OK
INFO:     192.168.0.5:33724 - "GET /api/kb/featured/list?page=1&pageSize=30 HTTP/1.0" 200 OK
INFO:     192.168.0.5:33738 - "GET /api/kb/public/list?page=1&pageSize=20&category=%E5%B7%A5%E5%AD%A6 HTTP/1.0" 200 OK
INFO:     192.168.0.5:33754 - "GET /api/kb/subscriptions/list?page=1&pageSize=20 HTTP/1.0" 200 OK
INFO:     192.168.0.5:33760 - "GET /api/kb?page=1&pageSize=20 HTTP/1.0" 200 OK
INFO:     192.168.0.5:33774 - "GET /api/kb/quota HTTP/1.0" 200 OK
INFO:     192.168.0.5:33790 - "GET /api/kb/8363fa92-4d29-485d-abc7-01a6aaeb8c46/info HTTP/1.0" 200 OK
INFO:     192.168.0.5:33794 - "GET /api/kb/8363fa92-4d29-485d-abc7-01a6aaeb8c46/documents?page=1&pageSize=20 HTTP/1.0" 200 OK
INFO:     192.168.0.5:36910 - "GET /api/kb/subscriptions/list?page=1&pageSize=20 HTTP/1.0" 200 OK
INFO:     192.168.0.5:36934 - "GET /api/kb/8363fa92-4d29-485d-abc7-01a6aaeb8c46/info HTTP/1.0" 200 OK
INFO:     192.168.0.5:36920 - "GET /api/kb?page=1&pageSize=20 HTTP/1.0" 200 OK
INFO:     192.168.0.5:36954 - "GET /api/kb/quota HTTP/1.0" 200 OK
INFO:     192.168.0.5:36932 - "GET /api/kb/8363fa92-4d29-485d-abc7-01a6aaeb8c46/documents?page=1&pageSize=20 HTTP/1.0" 200 OK
INFO:     192.168.0.5:36970 - "GET /api/kb/8363fa92-4d29-485d-abc7-01a6aaeb8c46/documents/798af9a8-e89c-4ebf-8d74-1568258dd77a/url HTTP/1.0" 200 OK
INFO:     192.168.0.5:36984 - "GET /api/kb/8363fa92-4d29-485d-abc7-01a6aaeb8c46/documents/31d99b8e-a048-48db-b5f0-724d6e308e0b/url HTTP/1.0" 200 OK
INFO:     192.168.0.5:56962 - "GET /api/notes/folders HTTP/1.0" 200 OK
INFO:     192.168.0.5:56956 - "GET /api/notes?page=1&pageSize=100 HTTP/1.0" 200 OK
INFO:     192.168.0.5:56978 - "GET /api/favorites/kb?page=1&pageSize=20 HTTP/1.0" 200 OK
INFO:     192.168.0.5:56992 - "GET /api/kb?page=1&pageSize=20 HTTP/1.0" 200 OK
INFO:     192.168.0.5:56984 - "GET /api/kb/subscriptions/list?page=1&pageSize=20 HTTP/1.0" 200 OK
INFO:     192.168.0.5:57006 - "GET /api/kb/featured/list?page=1&pageSize=30 HTTP/1.0" 200 OK
INFO:     192.168.0.5:57008 - "GET /api/kb/public/list?page=1&pageSize=20&category=%E5%B7%A5%E5%AD%A6 HTTP/1.0" 200 OK
INFO:     192.168.0.5:57022 - "GET /api/kb/public/list?page=1&pageSize=20&category=%E7%BB%8F%E6%B5%8E%E5%AD%A6 HTTP/1.0" 200 OK
INFO:     192.168.0.5:57034 - "GET /api/kb/public/list?page=1&pageSize=20&category=%E7%AE%A1%E7%90%86%E5%AD%A6 HTTP/1.0" 200 OK
INFO:     192.168.0.5:57048 - "GET /api/kb/public/list?page=1&pageSize=20&category=%E6%96%87%E5%AD%A6 HTTP/1.0" 200 OK
INFO:     192.168.0.5:57054 - "GET /api/kb/public/list?page=1&pageSize=20&category=%E5%8E%86%E5%8F%B2%E5%AD%A6 HTTP/1.0" 200 OK
INFO:     192.168.0.5:45360 - "POST /api/auth/register HTTP/1.0" 200 OK
INFO:     192.168.0.5:45362 - "POST /api/auth/login HTTP/1.0" 200 OK
INFO:     192.168.0.5:32814 - "GET /api/kb/subscriptions/list?page=1&pageSize=20 HTTP/1.0" 200 OK
INFO:     192.168.0.5:32824 - "GET /api/kb/featured/list?page=1&pageSize=30 HTTP/1.0" 200 OK
INFO:     192.168.0.5:32828 - "GET /api/kb?page=1&pageSize=20 HTTP/1.0" 200 OK
INFO:     192.168.0.5:32842 - "GET /api/favorites/kb?page=1&pageSize=20 HTTP/1.0" 200 OK
INFO:     192.168.0.5:32844 - "GET /api/favorites/document?page=1&pageSize=20 HTTP/1.0" 200 OK
INFO:     192.168.0.5:32854 - "GET /api/kb/2ab682b3-3a88-4b3b-a859-7057df76a430/documents/d4dfdf65-03de-4dc6-92c4-1ee3703d8fbe/url HTTP/1.0" 200 OK
INFO:     192.168.0.5:55270 - "GET /api/notes/folders HTTP/1.0" 200 OK
INFO:     192.168.0.5:55278 - "GET /api/notes?page=1&pageSize=100 HTTP/1.0" 200 OK
INFO:     192.168.0.5:55290 - "GET /api/favorites/kb?page=1&pageSize=20 HTTP/1.0" 200 OK
INFO:     192.168.0.5:55298 - "GET /api/favorites/kb?page=1&pageSize=20 HTTP/1.0" 200 OK
INFO:     192.168.0.5:55310 - "GET /api/kb?page=1&pageSize=20 HTTP/1.0" 200 OK
INFO:     192.168.0.5:55304 - "GET /api/kb/featured/list?page=1&pageSize=30 HTTP/1.0" 200 OK
INFO:     192.168.0.5:55300 - "GET /api/kb/subscriptions/list?page=1&pageSize=20 HTTP/1.0" 200 OK
INFO:     192.168.0.5:55326 - "GET /api/kb/public/list?page=1&pageSize=20&category=%E5%B7%A5%E5%AD%A6 HTTP/1.0" 200 OK
INFO:     192.168.0.5:55332 - "GET /api/kb/public/list?page=1&pageSize=20&category=%E7%BB%8F%E6%B5%8E%E5%AD%A6 HTTP/1.0" 200 OK
INFO:     192.168.0.5:55346 - "GET /api/kb/public/list?page=1&pageSize=20&category=%E7%AE%A1%E7%90%86%E5%AD%A6 HTTP/1.0" 200 OK
INFO:     192.168.0.5:55348 - "GET /api/kb/public/list?page=1&pageSize=20&category=%E6%96%87%E5%AD%A6 HTTP/1.0" 200 OK
INFO:     192.168.0.5:55350 - "GET /api/kb/public/list?page=1&pageSize=20&category=%E5%8E%86%E5%8F%B2%E5%AD%A6 HTTP/1.0" 200 OK
INFO:     192.168.0.5:60392 - "GET /api/kb/public/list?page=1&pageSize=20&category=%E8%89%BA%E6%9C%AF%E5%AD%A6 HTTP/1.0" 200 OK
INFO:     192.168.0.5:60398 - "GET /api/kb/public/list?page=1&pageSize=20&category=%E5%B7%A5%E5%AD%A6 HTTP/1.0" 200 OK
INFO:     192.168.0.5:34910 - "GET /api/kb/subscriptions/list?page=1&pageSize=20 HTTP/1.0" 200 OK
INFO:     192.168.0.5:34916 - "GET /api/kb/featured/list?page=1&pageSize=30 HTTP/1.0" 200 OK
INFO:     192.168.0.5:34922 - "GET /api/kb?page=1&pageSize=20 HTTP/1.0" 200 OK
INFO:     192.168.0.5:34924 - "GET /api/kb/subscriptions/list?page=1&pageSize=20 HTTP/1.0" 200 OK
INFO:     192.168.0.5:34938 - "GET /api/kb/quota HTTP/1.0" 200 OK
INFO:     192.168.0.5:34950 - "GET /api/kb?page=1&pageSize=20 HTTP/1.0" 200 OK
INFO:     192.168.0.5:34966 - "GET /api/kb/2ab682b3-3a88-4b3b-a859-7057df76a430/info HTTP/1.0" 200 OK
INFO:     192.168.0.5:34968 - "GET /api/kb/2ab682b3-3a88-4b3b-a859-7057df76a430/documents?page=1&pageSize=20 HTTP/1.0" 200 OK
INFO:     192.168.0.5:34972 - "GET /api/kb/2ab682b3-3a88-4b3b-a859-7057df76a430/documents/d4dfdf65-03de-4dc6-92c4-1ee3703d8fbe/url HTTP/1.0" 200 OK
INFO:     192.168.0.5:48872 - "GET /api/kb/featured/list?page=1&pageSize=30 HTTP/1.0" 200 OK
INFO:     192.168.0.5:48876 - "GET /api/kb/public/list?page=1&pageSize=20&category=%E5%B7%A5%E5%AD%A6 HTTP/1.0" 200 OK
INFO:     192.168.0.5:48888 - "GET /api/kb/subscriptions/list?page=1&pageSize=20 HTTP/1.0" 200 OK
INFO:     192.168.0.5:48904 - "GET /api/kb?page=1&pageSize=20 HTTP/1.0" 200 OK
INFO:     192.168.0.5:48908 - "GET /api/kb/featured/list?page=1&pageSize=30 HTTP/1.0" 200 OK
INFO:     192.168.0.5:48916 - "GET /api/notes?page=1&pageSize=100 HTTP/1.0" 200 OK
INFO:     192.168.0.5:48910 - "GET /api/notes/folders HTTP/1.0" 200 OK
INFO:     192.168.0.5:48924 - "GET /api/kb/public/list?page=1&pageSize=20&category=%E5%B7%A5%E5%AD%A6 HTTP/1.0" 200 OK
INFO:     192.168.0.5:48928 - "GET /api/favorites/kb?page=1&pageSize=20 HTTP/1.0" 200 OK
INFO:     192.168.0.5:48944 - "GET /api/kb/subscriptions/list?page=1&pageSize=20 HTTP/1.0" 200 OK
INFO:     192.168.0.5:48956 - "GET /api/kb?page=1&pageSize=20 HTTP/1.0" 200 OK
INFO:     192.168.0.5:48960 - "GET /api/kb/featured/list?page=1&pageSize=30 HTTP/1.0" 200 OK
INFO:     192.168.0.5:48980 - "GET /api/kb/quota HTTP/1.0" 200 OK
INFO:     192.168.0.5:48976 - "GET /api/kb?page=1&pageSize=20 HTTP/1.0" 200 OK
INFO:     192.168.0.5:48988 - "GET /api/kb/subscriptions/list?page=1&pageSize=20 HTTP/1.0" 200 OK
INFO:     192.168.0.5:49006 - "GET /api/kb/8363fa92-4d29-485d-abc7-01a6aaeb8c46/info HTTP/1.0" 200 OK
INFO:     192.168.0.5:48992 - "GET /api/kb/8363fa92-4d29-485d-abc7-01a6aaeb8c46/documents?page=1&pageSize=20 HTTP/1.0" 200 OK
INFO:     192.168.0.5:49020 - "GET /api/favorites/kb?page=1&pageSize=20 HTTP/1.0" 200 OK
INFO:     192.168.0.5:49026 - "GET /api/notes?page=1&pageSize=100 HTTP/1.0" 200 OK
INFO:     192.168.0.5:49032 - "GET /api/notes/folders HTTP/1.0" 200 OK
INFO:     192.168.0.5:49034 - "GET /api/favorites/kb?page=1&pageSize=20 HTTP/1.0" 200 OK
INFO:     192.168.0.5:49042 - "GET /api/kb/featured/list?page=1&pageSize=30 HTTP/1.0" 200 OK
INFO:     192.168.0.5:49058 - "GET /api/kb/subscriptions/list?page=1&pageSize=20 HTTP/1.0" 200 OK
INFO:     192.168.0.5:49068 - "GET /api/kb?page=1&pageSize=20 HTTP/1.0" 200 OK
INFO:     192.168.0.5:49074 - "GET /api/kb/8363fa92-4d29-485d-abc7-01a6aaeb8c46/documents/798af9a8-e89c-4ebf-8d74-1568258dd77a/url HTTP/1.0" 200 OK
INFO:     192.168.0.5:47934 - "GET /api/kb?page=1&pageSize=20 HTTP/1.0" 200 OK
INFO:     192.168.0.5:47948 - "GET /api/kb/featured/list?page=1&pageSize=30 HTTP/1.0" 200 OK
INFO:     192.168.0.5:47928 - "GET /api/kb/subscriptions/list?page=1&pageSize=20 HTTP/1.0" 200 OK
INFO:     192.168.0.5:44224 - "GET /api/kb/public/list?page=1&pageSize=20&category=%E5%B7%A5%E5%AD%A6 HTTP/1.0" 200 OK
INFO:     192.168.0.5:44232 - "GET /api/kb/public/list?page=1&pageSize=20&category=%E7%BB%8F%E6%B5%8E%E5%AD%A6 HTTP/1.0" 200 OK
INFO:     192.168.0.5:44234 - "GET /api/kb/public/list?page=1&pageSize=20&category=%E7%AE%A1%E7%90%86%E5%AD%A6 HTTP/1.0" 200 OK
INFO:     192.168.0.5:44250 - "GET /api/kb/public/list?page=1&pageSize=20&category=%E6%96%87%E5%AD%A6 HTTP/1.0" 200 OK
INFO:     192.168.0.5:44262 - "GET /api/kb/public/list?page=1&pageSize=20&category=%E5%8E%86%E5%8F%B2%E5%AD%A6 HTTP/1.0" 200 OK
INFO:     192.168.0.5:44264 - "GET /api/kb/public/list?page=1&pageSize=20&category=%E5%B7%A5%E5%AD%A6 HTTP/1.0" 200 OK
INFO:     192.168.0.5:44268 - "GET /api/kb/subscriptions/list?page=1&pageSize=20 HTTP/1.0" 200 OK
INFO:     192.168.0.5:44282 - "GET /api/kb/featured/list?page=1&pageSize=30 HTTP/1.0" 200 OK
INFO:     192.168.0.5:44272 - "GET /api/kb?page=1&pageSize=20 HTTP/1.0" 200 OK
INFO:     192.168.0.5:44292 - "GET /api/kb/public/list?page=1&pageSize=20&category=%E5%B7%A5%E5%AD%A6 HTTP/1.0" 200 OK
INFO:     192.168.0.5:44302 - "GET /api/kb/featured/list?page=1&pageSize=30 HTTP/1.0" 200 OK
INFO:     192.168.0.5:44310 - "GET /api/kb/public/list?page=1&pageSize=20&category=%E7%BB%8F%E6%B5%8E%E5%AD%A6 HTTP/1.0" 200 OK
INFO:     192.168.0.5:46916 - "GET /api/favorites/kb?page=1&pageSize=20 HTTP/1.0" 200 OK
INFO:     192.168.0.5:54394 - "GET /api/kb/subscriptions/list?page=1&pageSize=20 HTTP/1.0" 200 OK
INFO:     192.168.0.5:54410 - "GET /api/kb?page=1&pageSize=20 HTTP/1.0" 200 OK
INFO:     192.168.0.5:54424 - "GET /api/kb/featured/list?page=1&pageSize=30 HTTP/1.0" 200 OK
INFO:     192.168.0.5:54436 - "GET /api/kb/subscriptions/list?page=1&pageSize=20 HTTP/1.0" 200 OK
INFO:     192.168.0.5:54448 - "GET /api/kb?page=1&pageSize=20 HTTP/1.0" 200 OK
INFO:     192.168.0.5:54456 - "GET /api/kb/quota HTTP/1.0" 200 OK
INFO:     192.168.0.5:54458 - "GET /api/kb/2ab682b3-3a88-4b3b-a859-7057df76a430/info HTTP/1.0" 200 OK
INFO:     192.168.0.5:54474 - "GET /api/kb/2ab682b3-3a88-4b3b-a859-7057df76a430/documents?page=1&pageSize=20 HTTP/1.0" 200 OK
INFO:     192.168.0.5:54476 - "GET /api/kb/featured/list?page=1&pageSize=30 HTTP/1.0" 200 OK
INFO:     192.168.0.5:54492 - "GET /api/kb/subscriptions/list?page=1&pageSize=20 HTTP/1.0" 200 OK
INFO:     192.168.0.5:54504 - "GET /api/kb?page=1&pageSize=20 HTTP/1.0" 200 OK
INFO:     192.168.0.5:54510 - "GET /api/kb?page=1&pageSize=20 HTTP/1.0" 200 OK
INFO:     192.168.0.5:54508 - "GET /api/kb/8363fa92-4d29-485d-abc7-01a6aaeb8c46/info HTTP/1.0" 200 OK
INFO:     192.168.0.5:54522 - "GET /api/kb/quota HTTP/1.0" 200 OK
INFO:     192.168.0.5:54534 - "GET /api/kb/8363fa92-4d29-485d-abc7-01a6aaeb8c46/documents?page=1&pageSize=20 HTTP/1.0" 200 OK
INFO:     192.168.0.5:54542 - "GET /api/kb/subscriptions/list?page=1&pageSize=20 HTTP/1.0" 200 OK
INFO:     192.168.0.5:41212 - "GET /api/kb/subscriptions/list?page=1&pageSize=20 HTTP/1.0" 200 OK
INFO:     192.168.0.5:41224 - "GET /api/kb?page=1&pageSize=20 HTTP/1.0" 200 OK
INFO:     192.168.0.5:41232 - "GET /api/kb/featured/list?page=1&pageSize=30 HTTP/1.0" 200 OK
INFO:     192.168.0.5:41244 - "GET /api/kb/subscriptions/list?page=1&pageSize=20 HTTP/1.0" 200 OK
INFO:     192.168.0.5:41246 - "GET /api/kb?page=1&pageSize=20 HTTP/1.0" 200 OK
INFO:     192.168.0.5:41252 - "GET /api/kb/featured/list?page=1&pageSize=30 HTTP/1.0" 200 OK
INFO:     192.168.0.5:41262 - "GET /api/favorites/kb?page=1&pageSize=20 HTTP/1.0" 200 OK
INFO:     192.168.0.5:41274 - "GET /api/notes?page=1&pageSize=100 HTTP/1.0" 200 OK
INFO:     192.168.0.5:41276 - "GET /api/notes/folders HTTP/1.0" 200 OK
INFO:     192.168.0.5:41288 - "GET /api/favorites/kb?page=1&pageSize=20 HTTP/1.0" 200 OK
INFO:     192.168.0.5:41302 - "GET /api/notes/folders HTTP/1.0" 200 OK
INFO:     192.168.0.5:41318 - "GET /api/notes?page=1&pageSize=100 HTTP/1.0" 200 OK
INFO:     192.168.0.5:41324 - "GET /api/notes?page=1&pageSize=100&folderId=31159f3d-e04c-4f91-9152-08d62e1df99d HTTP/1.0" 200 OK
INFO:     192.168.0.5:41332 - "GET /api/kb?page=1&pageSize=20 HTTP/1.0" 200 OK
INFO:     192.168.0.5:41348 - "GET /api/kb/featured/list?page=1&pageSize=30 HTTP/1.0" 200 OK
INFO:     192.168.0.5:41352 - "GET /api/kb/subscriptions/list?page=1&pageSize=20 HTTP/1.0" 200 OK
INFO:     192.168.0.5:43554 - "POST /api/auth/login HTTP/1.0" 401 Unauthorized
INFO:     192.168.0.5:60900 - "POST /api/auth/login HTTP/1.0" 200 OK
INFO:     192.168.0.5:60918 - "GET /api/kb/featured/list?page=1&pageSize=30 HTTP/1.0" 200 OK
INFO:     192.168.0.5:60914 - "GET /api/kb/subscriptions/list?page=1&pageSize=20 HTTP/1.0" 200 OK
INFO:     192.168.0.5:60926 - "GET /api/kb?page=1&pageSize=20 HTTP/1.0" 200 OK
INFO:     192.168.0.5:60938 - "GET /api/kb/subscriptions/list?page=1&pageSize=20 HTTP/1.0" 200 OK
INFO:     192.168.0.5:60946 - "GET /api/kb/quota HTTP/1.0" 200 OK
INFO:     192.168.0.5:60936 - "GET /api/kb?page=1&pageSize=20 HTTP/1.0" 200 OK
INFO:     192.168.0.5:60956 - "GET /api/kb/8363fa92-4d29-485d-abc7-01a6aaeb8c46/info HTTP/1.0" 200 OK
INFO:     192.168.0.5:60970 - "GET /api/kb/8363fa92-4d29-485d-abc7-01a6aaeb8c46/documents?page=1&pageSize=20 HTTP/1.0" 200 OK
INFO:     192.168.0.5:52536 - "GET /api/kb/subscriptions/list?page=1&pageSize=20 HTTP/1.0" 200 OK
INFO:     192.168.0.5:52540 - "GET /api/kb?page=1&pageSize=20 HTTP/1.0" 200 OK
INFO:     192.168.0.5:52554 - "GET /api/kb/quota HTTP/1.0" 200 OK
INFO:     192.168.0.5:52568 - "GET /api/kb/8363fa92-4d29-485d-abc7-01a6aaeb8c46/info HTTP/1.0" 200 OK
INFO:     192.168.0.5:52566 - "GET /api/kb/8363fa92-4d29-485d-abc7-01a6aaeb8c46/documents?page=1&pageSize=20 HTTP/1.0" 200 OK
INFO:     192.168.0.5:39440 - "GET /api/kb/2ab682b3-3a88-4b3b-a859-7057df76a430/documents?page=1&pageSize=20 HTTP/1.0" 200 OK
INFO:     192.168.0.5:39442 - "GET /api/kb/2ab682b3-3a88-4b3b-a859-7057df76a430/info HTTP/1.0" 200 OK
INFO:     192.168.0.5:39452 - "GET /api/kb/2ab682b3-3a88-4b3b-a859-7057df76a430/documents/d4dfdf65-03de-4dc6-92c4-1ee3703d8fbe/url HTTP/1.0" 200 OK
INFO:     192.168.0.5:60050 - "POST /api/auth/register HTTP/1.0" 200 OK
INFO:     192.168.0.5:48942 - "POST /api/auth/login HTTP/1.0" 200 OK
INFO:     192.168.0.5:45226 - "GET /api/kb/featured/list?page=1&pageSize=30 HTTP/1.0" 200 OK
INFO:     192.168.0.5:45232 - "GET /api/kb?page=1&pageSize=20 HTTP/1.0" 200 OK
INFO:     192.168.0.5:45236 - "GET /api/kb/subscriptions/list?page=1&pageSize=20 HTTP/1.0" 200 OK
INFO:     192.168.0.5:44128 - "POST /api/auth/login HTTP/1.0" 200 OK
INFO:     192.168.0.5:44134 - "GET /api/kb/subscriptions/list?page=1&pageSize=20 HTTP/1.0" 200 OK
INFO:     192.168.0.5:44150 - "GET /api/kb?page=1&pageSize=20 HTTP/1.0" 200 OK
INFO:     192.168.0.5:44166 - "GET /api/kb/featured/list?page=1&pageSize=30 HTTP/1.0" 200 OK
INFO:     192.168.0.5:44194 - "GET /api/kb?page=1&pageSize=20 HTTP/1.0" 200 OK
INFO:     192.168.0.5:44188 - "GET /api/kb/subscriptions/list?page=1&pageSize=20 HTTP/1.0" 200 OK
INFO:     192.168.0.5:44202 - "GET /api/kb/2ab682b3-3a88-4b3b-a859-7057df76a430/documents?page=1&pageSize=20 HTTP/1.0" 200 OK
INFO:     192.168.0.5:44178 - "GET /api/kb/quota HTTP/1.0" 200 OK
INFO:     192.168.0.5:44214 - "GET /api/kb/2ab682b3-3a88-4b3b-a859-7057df76a430/info HTTP/1.0" 200 OK
INFO:     192.168.0.5:37314 - "GET /api/kb/8363fa92-4d29-485d-abc7-01a6aaeb8c46/info HTTP/1.0" 200 OK
INFO:     192.168.0.5:37302 - "GET /api/kb/8363fa92-4d29-485d-abc7-01a6aaeb8c46/documents?page=1&pageSize=20 HTTP/1.0" 200 OK
INFO:     192.168.0.5:37330 - "DELETE /api/kb/8363fa92-4d29-485d-abc7-01a6aaeb8c46/documents/92784acc-0665-4837-b5b2-9bd2a08b7772 HTTP/1.0" 200 OK
INFO:     192.168.0.5:37340 - "GET /api/kb/8363fa92-4d29-485d-abc7-01a6aaeb8c46/documents?page=1&pageSize=20 HTTP/1.0" 200 OK
INFO:     192.168.0.5:37354 - "GET /api/kb/quota HTTP/1.0" 200 OK
INFO:     192.168.0.5:53898 - "GET /api/kb/featured/list?page=1&pageSize=30 HTTP/1.0" 200 OK
INFO:     192.168.0.5:53894 - "GET /api/kb/subscriptions/list?page=1&pageSize=20 HTTP/1.0" 200 OK
INFO:     192.168.0.5:53914 - "GET /api/kb?page=1&pageSize=20 HTTP/1.0" 200 OK
INFO:     192.168.0.5:53930 - "GET /api/favorites/kb?page=1&pageSize=20 HTTP/1.0" 200 OK
INFO:     192.168.0.5:53936 - "GET /api/kb?page=1&pageSize=20 HTTP/1.0" 200 OK
INFO:     192.168.0.5:53958 - "GET /api/kb/subscriptions/list?page=1&pageSize=20 HTTP/1.0" 200 OK
INFO:     192.168.0.5:53964 - "GET /api/kb/quota HTTP/1.0" 200 OK
INFO:     192.168.0.5:53974 - "GET /api/kb/2ab682b3-3a88-4b3b-a859-7057df76a430/documents?page=1&pageSize=20 HTTP/1.0" 200 OK
INFO:     192.168.0.5:53952 - "GET /api/kb/2ab682b3-3a88-4b3b-a859-7057df76a430/info HTTP/1.0" 200 OK
INFO:     192.168.0.5:37340 - "GET /api/favorites/kb?page=1&pageSize=20 HTTP/1.0" 200 OK
INFO:     192.168.0.5:37348 - "GET /api/favorites/document?page=1&pageSize=20 HTTP/1.0" 200 OK
INFO:     192.168.0.5:37358 - "GET /api/kb/2ab682b3-3a88-4b3b-a859-7057df76a430/documents/d4dfdf65-03de-4dc6-92c4-1ee3703d8fbe/url HTTP/1.0" 200 OK
INFO:     192.168.0.5:44574 - "GET /api/favorites/kb?page=1&pageSize=20 HTTP/1.0" 200 OK
INFO:     192.168.0.5:57832 - "GET /api/kb/subscriptions/list?page=1&pageSize=20 HTTP/1.0" 200 OK
INFO:     192.168.0.5:57842 - "GET /api/kb/2ab682b3-3a88-4b3b-a859-7057df76a430/documents?page=1&pageSize=20 HTTP/1.0" 200 OK
INFO:     192.168.0.5:57876 - "GET /api/kb?page=1&pageSize=20 HTTP/1.0" 200 OK
INFO:     192.168.0.5:57864 - "GET /api/kb/quota HTTP/1.0" 200 OK
INFO:     192.168.0.5:57850 - "GET /api/kb/2ab682b3-3a88-4b3b-a859-7057df76a430/info HTTP/1.0" 200 OK
INFO:     192.168.0.5:57880 - "GET /api/kb/2ab682b3-3a88-4b3b-a859-7057df76a430/documents/d4dfdf65-03de-4dc6-92c4-1ee3703d8fbe/url HTTP/1.0" 200 OK
INFO:     192.168.0.5:57886 - "GET /api/favorites/kb?page=1&pageSize=20 HTTP/1.0" 200 OK
INFO:     192.168.0.5:57898 - "GET /api/favorites/document?page=1&pageSize=20 HTTP/1.0" 200 OK
INFO:     192.168.0.5:51582 - "GET /api/kb/2ab682b3-3a88-4b3b-a859-7057df76a430/documents/d4dfdf65-03de-4dc6-92c4-1ee3703d8fbe/url HTTP/1.0" 200 OK
INFO:     192.168.0.5:48496 - "GET /api/favorites/kb?page=1&pageSize=20 HTTP/1.0" 200 OK
INFO:     192.168.0.5:48498 - "GET /api/favorites/document?page=1&pageSize=20 HTTP/1.0" 200 OK
INFO:     192.168.0.5:48502 - "GET /api/kb/2ab682b3-3a88-4b3b-a859-7057df76a430/documents/d4dfdf65-03de-4dc6-92c4-1ee3703d8fbe/url HTTP/1.0" 200 OK
INFO:     Started server process [2511861]
INFO:     Waiting for application startup.
INFO:     Application startup complete.
INFO:     Uvicorn running on http://0.0.0.0:13000 (Press CTRL+C to quit)
üöÄ Starting Reader QAQ API...
‚úÖ Application started successfully
INFO:     192.168.0.5:53586 - "GET /api/chat/sessions?page=1&pageSize=50 HTTP/1.0" 200 OK
INFO:     192.168.0.5:51108 - "POST /api/chat/sessions HTTP/1.0" 200 OK
INFO:     192.168.0.5:51136 - "POST /api/chat/sessions/f64ded46-0c5a-454e-8ecc-2da525632eae/messages HTTP/1.0" 200 OK
INFO:     192.168.0.5:51120 - "GET /api/chat/sessions?page=1&pageSize=50 HTTP/1.0" 200 OK
INFO:     192.168.0.5:51146 - "POST /api/rag/chat/stream HTTP/1.0" 200 OK
INFO:     192.168.0.5:51152 - "POST /api/chat/sessions/f64ded46-0c5a-454e-8ecc-2da525632eae/messages HTTP/1.0" 200 OK
INFO:     192.168.0.5:38816 - "POST /api/chat/sessions HTTP/1.0" 200 OK
INFO:     192.168.0.5:38844 - "POST /api/chat/sessions/e13743c6-1239-4b42-aa91-0e84f4384206/messages HTTP/1.0" 200 OK
INFO:     192.168.0.5:38852 - "POST /api/rag/chat/stream HTTP/1.0" 200 OK
INFO:     192.168.0.5:38832 - "GET /api/chat/sessions?page=1&pageSize=50 HTTP/1.0" 200 OK
INFO:     192.168.0.5:38854 - "POST /api/chat/sessions/e13743c6-1239-4b42-aa91-0e84f4384206/messages HTTP/1.0" 200 OK
INFO:     192.168.0.5:56374 - "GET /api/notes/folders HTTP/1.0" 200 OK
INFO:     192.168.0.5:56394 - "GET /api/notes?page=1&pageSize=100 HTTP/1.0" 200 OK
INFO:     192.168.0.5:56386 - "GET /api/chat/sessions?page=1&pageSize=50 HTTP/1.0" 200 OK
INFO:     192.168.0.5:56402 - "GET /api/favorites/kb?page=1&pageSize=20 HTTP/1.0" 200 OK
INFO:     192.168.0.5:56418 - "GET /api/chat/sessions?page=1&pageSize=50 HTTP/1.0" 200 OK
INFO:     192.168.0.5:56428 - "GET /api/favorites/document?page=1&pageSize=20 HTTP/1.0" 200 OK
INFO:     192.168.0.5:56430 - "GET /api/kb/2ab682b3-3a88-4b3b-a859-7057df76a430/documents/d4dfdf65-03de-4dc6-92c4-1ee3703d8fbe/url HTTP/1.0" 200 OK
INFO:     192.168.0.5:33986 - "POST /api/chat/sessions HTTP/1.0" 200 OK
INFO:     192.168.0.5:33998 - "POST /api/chat/sessions/87504cb4-e69f-477b-af22-4293bf35c31a/messages HTTP/1.0" 200 OK
INFO:     192.168.0.5:34000 - "POST /api/rag/chat/stream HTTP/1.0" 200 OK
INFO:     192.168.0.5:34014 - "POST /api/chat/sessions/87504cb4-e69f-477b-af22-4293bf35c31a/messages HTTP/1.0" 200 OK
INFO:     192.168.0.5:33352 - "GET /api/kb?page=1&pageSize=20 HTTP/1.0" 200 OK
INFO:     192.168.0.5:33340 - "GET /api/kb/subscriptions/list?page=1&pageSize=20 HTTP/1.0" 200 OK
INFO:     192.168.0.5:33388 - "GET /api/kb/quota HTTP/1.0" 200 OK
INFO:     192.168.0.5:33374 - "GET /api/kb/8363fa92-4d29-485d-abc7-01a6aaeb8c46/info HTTP/1.0" 200 OK
INFO:     192.168.0.5:33358 - "GET /api/kb/8363fa92-4d29-485d-abc7-01a6aaeb8c46/documents?page=1&pageSize=20 HTTP/1.0" 200 OK
INFO:     192.168.0.5:33406 - "GET /api/kb?page=1&pageSize=20 HTTP/1.0" 200 OK
INFO:     192.168.0.5:33398 - "GET /api/kb/8363fa92-4d29-485d-abc7-01a6aaeb8c46/info HTTP/1.0" 200 OK
INFO:     192.168.0.5:33402 - "GET /api/kb/subscriptions/list?page=1&pageSize=20 HTTP/1.0" 200 OK
INFO:     192.168.0.5:33428 - "GET /api/kb/quota HTTP/1.0" 200 OK
INFO:     192.168.0.5:33418 - "GET /api/kb/8363fa92-4d29-485d-abc7-01a6aaeb8c46/documents?page=1&pageSize=20 HTTP/1.0" 200 OK
INFO:     192.168.0.5:56336 - "GET /api/kb/8363fa92-4d29-485d-abc7-01a6aaeb8c46/documents/798af9a8-e89c-4ebf-8d74-1568258dd77a/url HTTP/1.0" 200 OK
INFO:     192.168.0.5:58360 - "GET /api/kb/subscriptions/list?page=1&pageSize=20 HTTP/1.0" 200 OK
INFO:     192.168.0.5:58346 - "GET /api/kb/featured/list?page=1&pageSize=30 HTTP/1.0" 200 OK
INFO:     192.168.0.5:58358 - "GET /api/kb?page=1&pageSize=20 HTTP/1.0" 200 OK
INFO:     192.168.0.5:58368 - "GET /api/chat/sessions?page=1&pageSize=50 HTTP/1.0" 200 OK
INFO:     192.168.0.5:58370 - "GET /api/chat/sessions?page=1&pageSize=50 HTTP/1.0" 200 OK
INFO:     192.168.0.5:58380 - "GET /api/chat/sessions/f77a7dc0-4d90-48de-9b12-b5177a5ae37a/messages HTTP/1.0" 200 OK
INFO:     192.168.0.5:48156 - "GET /api/chat/sessions/fb3afc5f-8332-418a-9a57-14542c42cff4/messages HTTP/1.0" 200 OK
INFO:     192.168.0.5:48160 - "GET /api/chat/sessions/31f42726-22d0-461e-9eb1-3e2b81ce42dd/messages HTTP/1.0" 200 OK
INFO:     192.168.0.5:48172 - "GET /api/chat/sessions/ea15af41-002e-4ab5-9738-e877c140a571/messages HTTP/1.0" 200 OK
INFO:     192.168.0.5:48180 - "GET /api/chat/sessions?page=1&pageSize=50 HTTP/1.0" 200 OK
INFO:     192.168.0.5:46716 - "POST /api/auth/login HTTP/1.0" 200 OK
INFO:     192.168.0.5:46730 - "GET /api/chat/sessions?page=1&pageSize=50 HTTP/1.0" 200 OK
INFO:     192.168.0.5:39366 - "POST /api/chat/sessions HTTP/1.0" 200 OK
INFO:     192.168.0.5:39390 - "POST /api/chat/sessions/00171998-bcc5-422f-aae6-9eef6131f4b7/messages HTTP/1.0" 200 OK
INFO:     192.168.0.5:39392 - "POST /api/rag/chat/stream HTTP/1.0" 200 OK
INFO:     192.168.0.5:39380 - "GET /api/chat/sessions?page=1&pageSize=50 HTTP/1.0" 200 OK
INFO:     192.168.0.5:39396 - "POST /api/chat/sessions/00171998-bcc5-422f-aae6-9eef6131f4b7/messages HTTP/1.0" 200 OK
INFO:     192.168.0.5:40148 - "GET /api/favorites/kb?page=1&pageSize=20 HTTP/1.0" 200 OK
INFO:     192.168.0.5:40144 - "GET /api/chat/sessions?page=1&pageSize=50 HTTP/1.0" 200 OK
INFO:     192.168.0.5:37284 - "GET /api/favorites/document?page=1&pageSize=20 HTTP/1.0" 200 OK
INFO:     192.168.0.5:37290 - "GET /api/favorites/kb?page=1&pageSize=20 HTTP/1.0" 200 OK
INFO:     192.168.0.5:37318 - "GET /api/kb/featured/list?page=1&pageSize=30 HTTP/1.0" 200 OK
INFO:     192.168.0.5:37310 - "GET /api/kb?page=1&pageSize=20 HTTP/1.0" 200 OK
INFO:     192.168.0.5:37296 - "GET /api/kb/subscriptions/list?page=1&pageSize=20 HTTP/1.0" 200 OK
INFO:     192.168.0.5:37304 - "GET /api/chat/sessions?page=1&pageSize=50 HTTP/1.0" 200 OK
INFO:     192.168.0.5:37328 - "GET /api/kb/public/list?page=1&pageSize=20&category=%E5%B7%A5%E5%AD%A6 HTTP/1.0" 200 OK
INFO:     192.168.0.5:37332 - "GET /api/kb/public/list?page=1&pageSize=20&category=%E7%BB%8F%E6%B5%8E%E5%AD%A6 HTTP/1.0" 200 OK
INFO:     192.168.0.5:37344 - "GET /api/kb/public/list?page=1&pageSize=20&category=%E7%AE%A1%E7%90%86%E5%AD%A6 HTTP/1.0" 200 OK
INFO:     192.168.0.5:37354 - "GET /api/kb/public/list?page=1&pageSize=20&category=%E6%96%87%E5%AD%A6 HTTP/1.0" 200 OK
INFO:     192.168.0.5:37368 - "GET /api/kb/public/list?page=1&pageSize=20&category=%E5%8E%86%E5%8F%B2%E5%AD%A6 HTTP/1.0" 200 OK
INFO:     192.168.0.5:44634 - "GET /api/kb/public/list?page=1&pageSize=20&category=%E6%B3%95%E5%AD%A6 HTTP/1.0" 200 OK
INFO:     192.168.0.5:44650 - "GET /api/chat/sessions?page=1&pageSize=50 HTTP/1.0" 200 OK
INFO:     192.168.0.5:40766 - "POST /api/chat/sessions HTTP/1.0" 200 OK
INFO:     192.168.0.5:40770 - "POST /api/chat/sessions/12e8269c-bc87-4017-8264-0136361d7f1a/messages HTTP/1.0" 200 OK
INFO:     192.168.0.5:40796 - "POST /api/rag/chat/stream HTTP/1.0" 200 OK
INFO:     192.168.0.5:40784 - "GET /api/chat/sessions?page=1&pageSize=50 HTTP/1.0" 200 OK
INFO:     192.168.0.5:47234 - "POST /api/chat/sessions/12e8269c-bc87-4017-8264-0136361d7f1a/messages HTTP/1.0" 200 OK
INFO:     192.168.0.5:52502 - "GET /api/chat/sessions?page=1&pageSize=50 HTTP/1.0" 200 OK
INFO:     192.168.0.5:39018 - "GET /api/notes/folders HTTP/1.0" 200 OK
INFO:     192.168.0.5:39008 - "GET /api/notes?page=1&pageSize=100 HTTP/1.0" 200 OK
INFO:     192.168.0.5:38996 - "GET /api/chat/sessions?page=1&pageSize=50 HTTP/1.0" 200 OK
INFO:     192.168.0.5:39040 - "GET /api/favorites/kb?page=1&pageSize=20 HTTP/1.0" 200 OK
INFO:     192.168.0.5:39024 - "GET /api/chat/sessions?page=1&pageSize=50 HTTP/1.0" 200 OK
INFO:     192.168.0.5:39046 - "GET /api/favorites/document?page=1&pageSize=20 HTTP/1.0" 200 OK
INFO:     192.168.0.5:39062 - "GET /api/favorites/kb?page=1&pageSize=20 HTTP/1.0" 200 OK
INFO:     192.168.0.5:39066 - "GET /api/kb/subscriptions/list?page=1&pageSize=20 HTTP/1.0" 200 OK
INFO:     192.168.0.5:39074 - "GET /api/kb?page=1&pageSize=20 HTTP/1.0" 200 OK
INFO:     192.168.0.5:39078 - "GET /api/kb/featured/list?page=1&pageSize=30 HTTP/1.0" 200 OK
INFO:     192.168.0.5:39076 - "GET /api/chat/sessions?page=1&pageSize=50 HTTP/1.0" 200 OK
INFO:     192.168.0.5:43732 - "POST /api/auth/login HTTP/1.0" 200 OK
INFO:     192.168.0.5:43736 - "GET /api/chat/sessions?page=1&pageSize=50 HTTP/1.0" 200 OK
INFO:     192.168.0.5:43742 - "POST /api/chat/sessions HTTP/1.0" 200 OK
INFO:     192.168.0.5:43756 - "POST /api/chat/sessions/567137fa-3358-45bb-9842-29978b00aa16/messages HTTP/1.0" 200 OK
INFO:     192.168.0.5:45516 - "POST /api/rag/chat/stream HTTP/1.0" 200 OK
INFO:     192.168.0.5:43750 - "GET /api/chat/sessions?page=1&pageSize=50 HTTP/1.0" 200 OK
INFO:     192.168.0.5:45528 - "POST /api/chat/sessions/567137fa-3358-45bb-9842-29978b00aa16/messages HTTP/1.0" 200 OK
INFO:     192.168.0.5:45540 - "GET /api/chat/sessions/12e8269c-bc87-4017-8264-0136361d7f1a/messages HTTP/1.0" 200 OK
INFO:     192.168.0.5:45556 - "GET /api/chat/sessions/00171998-bcc5-422f-aae6-9eef6131f4b7/messages HTTP/1.0" 200 OK
INFO:     192.168.0.5:53854 - "DELETE /api/chat/sessions/00171998-bcc5-422f-aae6-9eef6131f4b7 HTTP/1.0" 200 OK
INFO:     192.168.0.5:53862 - "GET /api/chat/sessions?page=1&pageSize=50 HTTP/1.0" 200 OK
INFO:     192.168.0.5:53864 - "GET /api/chat/sessions/12e8269c-bc87-4017-8264-0136361d7f1a/messages HTTP/1.0" 200 OK
INFO:     192.168.0.5:53866 - "DELETE /api/chat/sessions/12e8269c-bc87-4017-8264-0136361d7f1a HTTP/1.0" 200 OK
INFO:     192.168.0.5:53874 - "GET /api/chat/sessions?page=1&pageSize=50 HTTP/1.0" 200 OK
INFO:     192.168.0.5:53880 - "DELETE /api/chat/sessions/87504cb4-e69f-477b-af22-4293bf35c31a HTTP/1.0" 200 OK
INFO:     192.168.0.5:53886 - "GET /api/chat/sessions?page=1&pageSize=50 HTTP/1.0" 200 OK
INFO:     192.168.0.5:53894 - "DELETE /api/chat/sessions/e13743c6-1239-4b42-aa91-0e84f4384206 HTTP/1.0" 200 OK
INFO:     192.168.0.5:53910 - "GET /api/chat/sessions?page=1&pageSize=50 HTTP/1.0" 200 OK
INFO:     192.168.0.5:53912 - "DELETE /api/chat/sessions/f64ded46-0c5a-454e-8ecc-2da525632eae HTTP/1.0" 200 OK
INFO:     192.168.0.5:53924 - "GET /api/chat/sessions?page=1&pageSize=50 HTTP/1.0" 200 OK
INFO:     192.168.0.5:53930 - "DELETE /api/chat/sessions/fe262f41-1fc4-4364-ad13-2e27dbf167b1 HTTP/1.0" 200 OK
INFO:     192.168.0.5:53942 - "GET /api/chat/sessions?page=1&pageSize=50 HTTP/1.0" 200 OK
INFO:     192.168.0.5:49394 - "DELETE /api/chat/sessions/5be92176-2a90-4498-8636-417ede127867 HTTP/1.0" 200 OK
INFO:     192.168.0.5:49410 - "GET /api/chat/sessions?page=1&pageSize=50 HTTP/1.0" 200 OK
INFO:     192.168.0.5:49424 - "DELETE /api/chat/sessions/92c7b6da-3006-4ad0-bafd-82d340c6ab94 HTTP/1.0" 200 OK
INFO:     192.168.0.5:49438 - "GET /api/chat/sessions?page=1&pageSize=50 HTTP/1.0" 200 OK
INFO:     192.168.0.5:49450 - "DELETE /api/chat/sessions/bbd51778-fa4c-46c5-9778-43636b2548d9 HTTP/1.0" 200 OK
INFO:     192.168.0.5:49454 - "GET /api/chat/sessions?page=1&pageSize=50 HTTP/1.0" 200 OK
INFO:     192.168.0.5:49464 - "DELETE /api/chat/sessions/6be4259f-5b07-4d5b-80cb-d74eca359dea HTTP/1.0" 200 OK
INFO:     192.168.0.5:49472 - "GET /api/chat/sessions?page=1&pageSize=50 HTTP/1.0" 200 OK
INFO:     192.168.0.5:49478 - "DELETE /api/chat/sessions/3d05f92a-9555-49f7-829b-71e80851ad56 HTTP/1.0" 200 OK
INFO:     192.168.0.5:49480 - "GET /api/chat/sessions?page=1&pageSize=50 HTTP/1.0" 200 OK
INFO:     192.168.0.5:49492 - "DELETE /api/chat/sessions/0f91bf4c-2eca-4d7b-83cb-1249ba342717 HTTP/1.0" 200 OK
INFO:     192.168.0.5:49502 - "GET /api/chat/sessions?page=1&pageSize=50 HTTP/1.0" 200 OK
INFO:     192.168.0.5:47736 - "DELETE /api/chat/sessions/45a87eee-efa2-4002-8751-14ede64a52d5 HTTP/1.0" 200 OK
INFO:     192.168.0.5:47742 - "GET /api/chat/sessions?page=1&pageSize=50 HTTP/1.0" 200 OK
INFO:     192.168.0.5:47748 - "DELETE /api/chat/sessions/7626c063-2944-40be-9c86-7e33e97c62d2 HTTP/1.0" 200 OK
INFO:     192.168.0.5:47756 - "GET /api/chat/sessions?page=1&pageSize=50 HTTP/1.0" 200 OK
INFO:     192.168.0.5:47766 - "DELETE /api/chat/sessions/c3a75195-bada-4422-9f41-19fcf3f1ffa4 HTTP/1.0" 200 OK
INFO:     192.168.0.5:47780 - "GET /api/chat/sessions?page=1&pageSize=50 HTTP/1.0" 200 OK
INFO:     192.168.0.5:47792 - "DELETE /api/chat/sessions/382875ed-fb3d-478d-8045-6af5a7fa6fa3 HTTP/1.0" 200 OK
INFO:     192.168.0.5:47796 - "GET /api/chat/sessions?page=1&pageSize=50 HTTP/1.0" 200 OK
INFO:     192.168.0.5:47812 - "DELETE /api/chat/sessions/ea1dc003-8732-4f00-ae59-b98d2a87fab0 HTTP/1.0" 200 OK
INFO:     192.168.0.5:47814 - "GET /api/chat/sessions?page=1&pageSize=50 HTTP/1.0" 200 OK
INFO:     192.168.0.5:47816 - "DELETE /api/chat/sessions/be138af0-279e-4926-9a16-ad8850a181d0 HTTP/1.0" 200 OK
INFO:     192.168.0.5:47820 - "GET /api/chat/sessions?page=1&pageSize=50 HTTP/1.0" 200 OK
INFO:     192.168.0.5:47826 - "DELETE /api/chat/sessions/a18472c9-35b0-4b7f-ae92-db233dbcaad9 HTTP/1.0" 200 OK
INFO:     192.168.0.5:47842 - "GET /api/chat/sessions?page=1&pageSize=50 HTTP/1.0" 200 OK
INFO:     192.168.0.5:47844 - "DELETE /api/chat/sessions/269514ed-46b7-4aa6-a779-b6ee0933487f HTTP/1.0" 200 OK
INFO:     192.168.0.5:47848 - "GET /api/chat/sessions?page=1&pageSize=50 HTTP/1.0" 200 OK
INFO:     192.168.0.5:47862 - "DELETE /api/chat/sessions/ae72047a-b23b-4814-bff4-49de72354dd7 HTTP/1.0" 200 OK
INFO:     192.168.0.5:47868 - "GET /api/chat/sessions?page=1&pageSize=50 HTTP/1.0" 200 OK
INFO:     192.168.0.5:47884 - "GET /api/chat/sessions/48af0607-c403-4c8e-b344-c889a2cc60a6/messages HTTP/1.0" 200 OK
INFO:     192.168.0.5:34488 - "DELETE /api/chat/sessions/48af0607-c403-4c8e-b344-c889a2cc60a6 HTTP/1.0" 200 OK
INFO:     192.168.0.5:34502 - "GET /api/chat/sessions?page=1&pageSize=50 HTTP/1.0" 200 OK
INFO:     192.168.0.5:34508 - "DELETE /api/chat/sessions/c4a8361c-3004-4551-ac4a-14e4c9ad24d6 HTTP/1.0" 200 OK
INFO:     192.168.0.5:34520 - "GET /api/chat/sessions?page=1&pageSize=50 HTTP/1.0" 200 OK
INFO:     192.168.0.5:34532 - "GET /api/chat/sessions/03e0098a-4562-431e-9aa2-afdbc25315d9/messages HTTP/1.0" 200 OK
INFO:     192.168.0.5:34534 - "DELETE /api/chat/sessions/03e0098a-4562-431e-9aa2-afdbc25315d9 HTTP/1.0" 200 OK
INFO:     192.168.0.5:34536 - "GET /api/chat/sessions?page=1&pageSize=50 HTTP/1.0" 200 OK
INFO:     192.168.0.5:34546 - "DELETE /api/chat/sessions/8906d6be-f7fa-40a3-ad3a-81714527478c HTTP/1.0" 200 OK
INFO:     192.168.0.5:34560 - "GET /api/chat/sessions?page=1&pageSize=50 HTTP/1.0" 200 OK
INFO:     192.168.0.5:34572 - "DELETE /api/chat/sessions/19e3c790-d45a-4841-b3d9-dd1ac504c62c HTTP/1.0" 200 OK
INFO:     192.168.0.5:34588 - "GET /api/chat/sessions?page=1&pageSize=50 HTTP/1.0" 200 OK
INFO:     192.168.0.5:59860 - "GET /api/chat/sessions/70162c88-a5bf-4d84-905d-ba86ce4ef430/messages HTTP/1.0" 200 OK
INFO:     192.168.0.5:59864 - "DELETE /api/chat/sessions/70162c88-a5bf-4d84-905d-ba86ce4ef430 HTTP/1.0" 200 OK
INFO:     192.168.0.5:59876 - "GET /api/chat/sessions?page=1&pageSize=50 HTTP/1.0" 200 OK
INFO:     192.168.0.5:59890 - "DELETE /api/chat/sessions/45adcfc3-6848-4983-afd8-1fbf5de7cd60 HTTP/1.0" 200 OK
INFO:     192.168.0.5:59896 - "GET /api/chat/sessions?page=1&pageSize=50 HTTP/1.0" 200 OK
INFO:     192.168.0.5:59922 - "GET /api/favorites/kb?page=1&pageSize=20 HTTP/1.0" 200 OK
INFO:     192.168.0.5:59908 - "GET /api/chat/sessions?page=1&pageSize=50 HTTP/1.0" 200 OK
INFO:     192.168.0.5:59932 - "GET /api/favorites/document?page=1&pageSize=20 HTTP/1.0" 200 OK
INFO:     192.168.0.5:53586 - "GET /api/kb/2ab682b3-3a88-4b3b-a859-7057df76a430/documents/d4dfdf65-03de-4dc6-92c4-1ee3703d8fbe/url HTTP/1.0" 200 OK
INFO:     192.168.0.5:41152 - "GET /api/chat/sessions?page=1&pageSize=50 HTTP/1.0" 401 Unauthorized
INFO:     192.168.0.5:50662 - "POST /api/chat/sessions HTTP/1.0" 401 Unauthorized
INFO:     192.168.0.5:50668 - "GET /api/chat/sessions?page=1&pageSize=50 HTTP/1.0" 401 Unauthorized
INFO:     192.168.0.5:41010 - "POST /api/chat/sessions HTTP/1.0" 401 Unauthorized
INFO:     192.168.0.5:54180 - "GET /api/chat/sessions?page=1&pageSize=50 HTTP/1.0" 401 Unauthorized
INFO:     192.168.0.5:54196 - "POST /api/chat/sessions HTTP/1.0" 401 Unauthorized
INFO:     192.168.0.5:41540 - "POST /api/chat/sessions HTTP/1.0" 401 Unauthorized
INFO:     192.168.0.5:38040 - "GET /api/chat/sessions?page=1&pageSize=50 HTTP/1.0" 200 OK
INFO:     192.168.0.5:38046 - "POST /api/chat/sessions HTTP/1.0" 200 OK
INFO:     192.168.0.5:38060 - "POST /api/chat/sessions/daf96e6b-30af-4a5d-98e5-acfd32c3bd41/messages HTTP/1.0" 200 OK
INFO:     192.168.0.5:38050 - "GET /api/chat/sessions?page=1&pageSize=50 HTTP/1.0" 200 OK
INFO:     192.168.0.5:38064 - "POST /api/rag/chat/stream HTTP/1.0" 200 OK
INFO:     192.168.0.5:38020 - "GET /api/chat/sessions?page=1&pageSize=50 HTTP/1.0" 401 Unauthorized
INFO:     192.168.0.5:43738 - "GET /api/chat/sessions?page=1&pageSize=50 HTTP/1.0" 401 Unauthorized
INFO:     192.168.0.5:43752 - "POST /api/chat/sessions HTTP/1.0" 401 Unauthorized
INFO:     192.168.0.5:34420 - "POST /api/auth/login HTTP/1.0" 200 OK
INFO:     192.168.0.5:34432 - "GET /api/chat/sessions?page=1&pageSize=50 HTTP/1.0" 200 OK
INFO:     192.168.0.5:34434 - "POST /api/chat/sessions HTTP/1.0" 200 OK
INFO:     192.168.0.5:34448 - "POST /api/chat/sessions/fa8f49f9-579f-466c-abf0-c0ec83097ac8/messages HTTP/1.0" 200 OK
INFO:     192.168.0.5:34446 - "GET /api/chat/sessions?page=1&pageSize=50 HTTP/1.0" 200 OK
INFO:     192.168.0.5:34462 - "POST /api/rag/chat/stream HTTP/1.0" 200 OK
INFO:     192.168.0.5:48352 - "GET /api/chat/sessions?page=1&pageSize=50 HTTP/1.0" 200 OK
INFO:     192.168.0.5:59274 - "POST /api/auth/login HTTP/1.0" 200 OK
INFO:     192.168.0.5:59290 - "GET /api/chat/sessions?page=1&pageSize=50 HTTP/1.0" 200 OK
INFO:     192.168.0.5:55102 - "POST /api/chat/sessions HTTP/1.0" 200 OK
INFO:     192.168.0.5:55120 - "POST /api/chat/sessions/b7739d8f-e445-45b8-b2f4-79d13b8624e8/messages HTTP/1.0" 200 OK
INFO:     192.168.0.5:55108 - "GET /api/chat/sessions?page=1&pageSize=50 HTTP/1.0" 200 OK
INFO:     192.168.0.5:55122 - "POST /api/rag/chat/stream HTTP/1.0" 200 OK
INFO:     192.168.0.5:41510 - "POST /api/chat/sessions HTTP/1.0" 200 OK
INFO:     192.168.0.5:41530 - "POST /api/chat/sessions/65eea116-0923-4175-ae54-b9f54edcb0c8/messages HTTP/1.0" 200 OK
INFO:     192.168.0.5:41522 - "GET /api/chat/sessions?page=1&pageSize=50 HTTP/1.0" 200 OK
INFO:     192.168.0.5:41538 - "POST /api/rag/chat/stream HTTP/1.0" 200 OK
INFO:     192.168.0.5:50244 - "POST /api/chat/sessions HTTP/1.0" 200 OK
INFO:     192.168.0.5:50254 - "POST /api/chat/sessions/07bac320-3b1f-4900-9628-0175ff5755e8/messages HTTP/1.0" 200 OK
INFO:     192.168.0.5:50278 - "POST /api/rag/chat/stream HTTP/1.0" 200 OK
INFO:     192.168.0.5:50262 - "GET /api/chat/sessions?page=1&pageSize=50 HTTP/1.0" 200 OK
INFO:     192.168.0.5:36744 - "GET /api/chat/sessions?page=1&pageSize=50 HTTP/1.0" 200 OK
INFO:     192.168.0.5:38138 - "POST /api/chat/sessions HTTP/1.0" 200 OK
INFO:     192.168.0.5:38142 - "POST /api/chat/sessions/4c1acd7d-c621-4d01-a293-fb9e52994f22/messages HTTP/1.0" 200 OK
INFO:     192.168.0.5:38152 - "POST /api/rag/chat/stream HTTP/1.0" 200 OK
INFO:     192.168.0.5:38146 - "GET /api/chat/sessions?page=1&pageSize=50 HTTP/1.0" 200 OK
INFO:     192.168.0.5:33864 - "GET /api/chat/sessions?page=1&pageSize=50 HTTP/1.0" 200 OK
INFO:     192.168.0.5:33870 - "GET /api/chat/sessions?page=1&pageSize=50 HTTP/1.0" 200 OK
INFO:     192.168.0.5:33874 - "POST /api/chat/sessions HTTP/1.0" 200 OK
INFO:     192.168.0.5:33878 - "POST /api/chat/sessions/f07b435e-a147-4ce2-bd2c-3868c8bd75ad/messages HTTP/1.0" 200 OK
INFO:     192.168.0.5:33904 - "POST /api/rag/chat/stream HTTP/1.0" 200 OK
INFO:     192.168.0.5:33892 - "GET /api/chat/sessions?page=1&pageSize=50 HTTP/1.0" 200 OK
INFO:     192.168.0.5:35274 - "GET /api/chat/sessions?page=1&pageSize=50 HTTP/1.0" 200 OK
INFO:     192.168.0.5:35282 - "POST /api/chat/sessions HTTP/1.0" 200 OK
INFO:     192.168.0.5:35302 - "POST /api/chat/sessions/54d52fdc-d86e-4920-a23f-ff5e746dd688/messages HTTP/1.0" 200 OK
INFO:     192.168.0.5:35316 - "POST /api/rag/chat/stream HTTP/1.0" 200 OK
INFO:     192.168.0.5:35294 - "GET /api/chat/sessions?page=1&pageSize=50 HTTP/1.0" 200 OK
INFO:     192.168.0.5:43818 - "POST /api/chat/sessions/54d52fdc-d86e-4920-a23f-ff5e746dd688/messages HTTP/1.0" 200 OK
INFO:     192.168.0.5:33066 - "GET /api/chat/sessions?page=1&pageSize=50 HTTP/1.0" 200 OK
INFO:     192.168.0.5:56404 - "GET /api/chat/sessions?page=1&pageSize=50 HTTP/1.0" 200 OK
INFO:     192.168.0.5:32964 - "GET /api/chat/sessions?page=1&pageSize=50 HTTP/1.0" 200 OK
INFO:     192.168.0.5:32978 - "GET /api/chat/sessions?page=1&pageSize=50 HTTP/1.0" 200 OK
INFO:     192.168.0.5:33602 - "GET /api/chat/sessions?page=1&pageSize=50 HTTP/1.0" 200 OK
INFO:     192.168.0.5:33608 - "GET /api/chat/sessions?page=1&pageSize=50 HTTP/1.0" 200 OK
INFO:     192.168.0.5:33614 - "GET /api/chat/sessions?page=1&pageSize=50 HTTP/1.0" 200 OK
INFO:     192.168.0.5:33640 - "GET /api/chat/sessions?page=1&pageSize=50 HTTP/1.0" 200 OK
INFO:     192.168.0.5:33648 - "GET /api/chat/sessions?page=1&pageSize=50 HTTP/1.0" 200 OK
INFO:     192.168.0.5:33664 - "POST /api/chat/sessions HTTP/1.0" 200 OK
INFO:     192.168.0.5:33686 - "POST /api/chat/sessions/9e0eedea-17f9-43bc-bc30-6905854779c8/messages HTTP/1.0" 200 OK
INFO:     192.168.0.5:33678 - "GET /api/chat/sessions?page=1&pageSize=50 HTTP/1.0" 200 OK
INFO:     192.168.0.5:33702 - "POST /api/rag/chat/stream HTTP/1.0" 200 OK
INFO:     192.168.0.5:57552 - "POST /api/chat/sessions/9e0eedea-17f9-43bc-bc30-6905854779c8/messages HTTP/1.0" 200 OK
INFO:     192.168.0.5:56216 - "GET /api/chat/sessions?page=1&pageSize=50 HTTP/1.0" 200 OK
INFO:     192.168.0.5:56230 - "GET /api/chat/sessions?page=1&pageSize=50 HTTP/1.0" 200 OK
INFO:     192.168.0.5:58906 - "GET /api/chat/sessions?page=1&pageSize=50 HTTP/1.0" 200 OK
INFO:     192.168.0.5:43344 - "GET /api/chat/sessions?page=1&pageSize=50 HTTP/1.0" 200 OK
INFO:     192.168.0.5:37370 - "GET /api/chat/sessions?page=1&pageSize=50 HTTP/1.0" 200 OK
INFO:     192.168.0.5:37382 - "POST /api/chat/sessions HTTP/1.0" 200 OK
INFO:     192.168.0.5:37408 - "POST /api/chat/sessions/83e4ec7a-7312-46e4-97b2-fe224005a792/messages HTTP/1.0" 200 OK
INFO:     192.168.0.5:37410 - "POST /api/rag/chat/stream HTTP/1.0" 200 OK
INFO:     192.168.0.5:37396 - "GET /api/chat/sessions?page=1&pageSize=50 HTTP/1.0" 200 OK
INFO:     192.168.0.5:47112 - "POST /api/chat/sessions/83e4ec7a-7312-46e4-97b2-fe224005a792/messages HTTP/1.0" 200 OK
INFO:     192.168.0.5:39792 - "GET /api/chat/sessions?page=1&pageSize=50 HTTP/1.0" 200 OK
INFO:     192.168.0.5:39802 - "POST /api/chat/sessions HTTP/1.0" 200 OK
INFO:     192.168.0.5:39828 - "POST /api/chat/sessions/69a26b50-cfa0-4e79-8854-f3435d371444/messages HTTP/1.0" 200 OK
INFO:     192.168.0.5:39834 - "POST /api/rag/chat/stream HTTP/1.0" 200 OK
INFO:     192.168.0.5:39818 - "GET /api/chat/sessions?page=1&pageSize=50 HTTP/1.0" 200 OK
INFO:     192.168.0.5:49550 - "POST /api/chat/sessions/69a26b50-cfa0-4e79-8854-f3435d371444/messages HTTP/1.0" 200 OK
INFO:     192.168.0.5:49562 - "GET /api/chat/sessions?page=1&pageSize=50 HTTP/1.0" 200 OK
INFO:     192.168.0.5:53028 - "GET /api/chat/sessions/69a26b50-cfa0-4e79-8854-f3435d371444/messages HTTP/1.0" 200 OK
INFO:     192.168.0.5:53032 - "GET /api/chat/sessions/83e4ec7a-7312-46e4-97b2-fe224005a792/messages HTTP/1.0" 200 OK
INFO:     192.168.0.5:53036 - "GET /api/chat/sessions/9e0eedea-17f9-43bc-bc30-6905854779c8/messages HTTP/1.0" 200 OK
INFO:     192.168.0.5:53048 - "GET /api/chat/sessions/f07b435e-a147-4ce2-bd2c-3868c8bd75ad/messages HTTP/1.0" 200 OK
INFO:     192.168.0.5:53062 - "DELETE /api/chat/sessions/54d52fdc-d86e-4920-a23f-ff5e746dd688 HTTP/1.0" 200 OK
INFO:     192.168.0.5:53076 - "GET /api/chat/sessions?page=1&pageSize=50 HTTP/1.0" 200 OK
INFO:     192.168.0.5:53084 - "DELETE /api/chat/sessions/f07b435e-a147-4ce2-bd2c-3868c8bd75ad HTTP/1.0" 200 OK
INFO:     192.168.0.5:53092 - "GET /api/chat/sessions?page=1&pageSize=50 HTTP/1.0" 200 OK
INFO:     192.168.0.5:53102 - "DELETE /api/chat/sessions/4c1acd7d-c621-4d01-a293-fb9e52994f22 HTTP/1.0" 200 OK
INFO:     192.168.0.5:53114 - "GET /api/chat/sessions?page=1&pageSize=50 HTTP/1.0" 200 OK
INFO:     192.168.0.5:53118 - "DELETE /api/chat/sessions/07bac320-3b1f-4900-9628-0175ff5755e8 HTTP/1.0" 200 OK
INFO:     192.168.0.5:53132 - "GET /api/chat/sessions?page=1&pageSize=50 HTTP/1.0" 200 OK
INFO:     192.168.0.5:53140 - "DELETE /api/chat/sessions/65eea116-0923-4175-ae54-b9f54edcb0c8 HTTP/1.0" 200 OK
INFO:     192.168.0.5:53142 - "GET /api/chat/sessions?page=1&pageSize=50 HTTP/1.0" 200 OK
INFO:     192.168.0.5:40180 - "DELETE /api/chat/sessions/b7739d8f-e445-45b8-b2f4-79d13b8624e8 HTTP/1.0" 200 OK
INFO:     192.168.0.5:40182 - "GET /api/chat/sessions?page=1&pageSize=50 HTTP/1.0" 200 OK
INFO:     192.168.0.5:40188 - "DELETE /api/chat/sessions/fa8f49f9-579f-466c-abf0-c0ec83097ac8 HTTP/1.0" 200 OK
INFO:     192.168.0.5:40204 - "GET /api/chat/sessions?page=1&pageSize=50 HTTP/1.0" 200 OK
INFO:     192.168.0.5:40210 - "DELETE /api/chat/sessions/daf96e6b-30af-4a5d-98e5-acfd32c3bd41 HTTP/1.0" 200 OK
INFO:     192.168.0.5:40224 - "GET /api/chat/sessions?page=1&pageSize=50 HTTP/1.0" 200 OK
INFO:     192.168.0.5:40236 - "GET /api/chat/sessions/567137fa-3358-45bb-9842-29978b00aa16/messages HTTP/1.0" 200 OK
INFO:     192.168.0.5:40238 - "GET /api/chat/sessions/69a26b50-cfa0-4e79-8854-f3435d371444/messages HTTP/1.0" 200 OK
INFO:     192.168.0.5:59778 - "GET /api/chat/sessions/83e4ec7a-7312-46e4-97b2-fe224005a792/messages HTTP/1.0" 200 OK
INFO:     192.168.0.5:59784 - "GET /api/chat/sessions/9e0eedea-17f9-43bc-bc30-6905854779c8/messages HTTP/1.0" 200 OK
INFO:     192.168.0.5:51722 - "GET /api/kb?page=1&pageSize=20 HTTP/1.0" 200 OK
INFO:     192.168.0.5:51692 - "GET /api/kb/subscriptions/list?page=1&pageSize=20 HTTP/1.0" 200 OK
INFO:     192.168.0.5:51718 - "GET /api/kb/featured/list?page=1&pageSize=30 HTTP/1.0" 200 OK
INFO:     192.168.0.5:51702 - "GET /api/chat/sessions?page=1&pageSize=50 HTTP/1.0" 200 OK
INFO:     192.168.0.5:51744 - "GET /api/favorites/kb?page=1&pageSize=20 HTTP/1.0" 200 OK
INFO:     192.168.0.5:51738 - "GET /api/chat/sessions?page=1&pageSize=50 HTTP/1.0" 200 OK
INFO:     192.168.0.5:51754 - "GET /api/notes/folders HTTP/1.0" 200 OK
INFO:     192.168.0.5:51752 - "GET /api/chat/sessions?page=1&pageSize=50 HTTP/1.0" 200 OK
INFO:     192.168.0.5:51756 - "GET /api/notes?page=1&pageSize=100 HTTP/1.0" 200 OK
INFO:     192.168.0.5:51766 - "GET /api/favorites/kb?page=1&pageSize=20 HTTP/1.0" 200 OK
INFO:     192.168.0.5:51776 - "GET /api/chat/sessions?page=1&pageSize=50 HTTP/1.0" 200 OK
INFO:     192.168.0.5:51782 - "GET /api/favorites/document?page=1&pageSize=20 HTTP/1.0" 200 OK
INFO:     192.168.0.5:51798 - "GET /api/kb/2ab682b3-3a88-4b3b-a859-7057df76a430/documents/d4dfdf65-03de-4dc6-92c4-1ee3703d8fbe/url HTTP/1.0" 200 OK
INFO:     192.168.0.5:51702 - "GET /api/kb/featured/list?page=1&pageSize=30 HTTP/1.0" 200 OK
INFO:     192.168.0.5:51712 - "GET /api/kb?page=1&pageSize=20 HTTP/1.0" 200 OK
INFO:     192.168.0.5:51688 - "GET /api/kb/subscriptions/list?page=1&pageSize=20 HTTP/1.0" 200 OK
INFO:     192.168.0.5:51710 - "GET /api/chat/sessions?page=1&pageSize=50 HTTP/1.0" 200 OK
INFO:     192.168.0.5:56060 - "GET /api/favorites/kb?page=1&pageSize=20 HTTP/1.0" 200 OK
INFO:     192.168.0.5:56052 - "GET /api/chat/sessions?page=1&pageSize=50 HTTP/1.0" 200 OK
INFO:     192.168.0.5:56088 - "GET /api/notes/folders HTTP/1.0" 200 OK
INFO:     192.168.0.5:56078 - "GET /api/chat/sessions?page=1&pageSize=50 HTTP/1.0" 200 OK
INFO:     192.168.0.5:56070 - "GET /api/notes?page=1&pageSize=100 HTTP/1.0" 200 OK
INFO:     192.168.0.5:56116 - "GET /api/kb/subscriptions/list?page=1&pageSize=20 HTTP/1.0" 200 OK
INFO:     192.168.0.5:56124 - "GET /api/kb?page=1&pageSize=20 HTTP/1.0" 200 OK
INFO:     192.168.0.5:56132 - "GET /api/kb/featured/list?page=1&pageSize=30 HTTP/1.0" 200 OK
INFO:     192.168.0.5:56100 - "GET /api/chat/sessions?page=1&pageSize=50 HTTP/1.0" 200 OK
INFO:     192.168.0.5:56148 - "GET /api/kb/subscriptions/list?page=1&pageSize=20 HTTP/1.0" 200 OK
INFO:     192.168.0.5:56172 - "GET /api/kb/quota HTTP/1.0" 200 OK
INFO:     192.168.0.5:56162 - "GET /api/kb?page=1&pageSize=20 HTTP/1.0" 200 OK
INFO:     192.168.0.5:56174 - "GET /api/kb/2ab682b3-3a88-4b3b-a859-7057df76a430/documents?page=1&pageSize=20 HTTP/1.0" 200 OK
INFO:     192.168.0.5:56166 - "GET /api/kb/2ab682b3-3a88-4b3b-a859-7057df76a430/info HTTP/1.0" 200 OK
INFO:     192.168.0.5:42756 - "GET /api/kb/subscriptions/list?page=1&pageSize=20 HTTP/1.0" 200 OK
INFO:     192.168.0.5:42760 - "GET /api/kb?page=1&pageSize=20 HTTP/1.0" 200 OK
INFO:     192.168.0.5:42776 - "GET /api/kb/featured/list?page=1&pageSize=30 HTTP/1.0" 200 OK
INFO:     192.168.0.5:42764 - "GET /api/chat/sessions?page=1&pageSize=50 HTTP/1.0" 200 OK
INFO:     192.168.0.5:42786 - "GET /api/kb/quota HTTP/1.0" 200 OK
INFO:     192.168.0.5:42780 - "GET /api/kb/subscriptions/list?page=1&pageSize=20 HTTP/1.0" 200 OK
INFO:     192.168.0.5:42806 - "GET /api/kb?page=1&pageSize=20 HTTP/1.0" 200 OK
INFO:     192.168.0.5:42816 - "GET /api/kb/2ab682b3-3a88-4b3b-a859-7057df76a430/documents?page=1&pageSize=20 HTTP/1.0" 200 OK
INFO:     192.168.0.5:42800 - "GET /api/kb/2ab682b3-3a88-4b3b-a859-7057df76a430/info HTTP/1.0" 200 OK
INFO:     192.168.0.5:42824 - "GET /api/kb/subscriptions/list?page=1&pageSize=20 HTTP/1.0" 200 OK
INFO:     192.168.0.5:42842 - "GET /api/kb/featured/list?page=1&pageSize=30 HTTP/1.0" 200 OK
INFO:     192.168.0.5:42858 - "GET /api/kb?page=1&pageSize=20 HTTP/1.0" 200 OK
INFO:     192.168.0.5:42834 - "GET /api/chat/sessions?page=1&pageSize=50 HTTP/1.0" 200 OK
INFO:     192.168.0.5:57302 - "GET /api/notes/folders HTTP/1.0" 200 OK
INFO:     192.168.0.5:57300 - "GET /api/chat/sessions?page=1&pageSize=50 HTTP/1.0" 200 OK
INFO:     192.168.0.5:57310 - "GET /api/notes?page=1&pageSize=100 HTTP/1.0" 200 OK
INFO:     192.168.0.5:57316 - "GET /api/favorites/kb?page=1&pageSize=20 HTTP/1.0" 200 OK
INFO:     192.168.0.5:57318 - "GET /api/chat/sessions?page=1&pageSize=50 HTTP/1.0" 200 OK
INFO:     192.168.0.5:57350 - "GET /api/kb?page=1&pageSize=20 HTTP/1.0" 200 OK
INFO:     192.168.0.5:57332 - "GET /api/kb/subscriptions/list?page=1&pageSize=20 HTTP/1.0" 200 OK
INFO:     192.168.0.5:57354 - "GET /api/kb/featured/list?page=1&pageSize=30 HTTP/1.0" 200 OK
INFO:     192.168.0.5:57344 - "GET /api/chat/sessions?page=1&pageSize=50 HTTP/1.0" 200 OK
INFO:     192.168.0.5:57368 - "GET /api/favorites/kb?page=1&pageSize=20 HTTP/1.0" 200 OK
INFO:     192.168.0.5:57366 - "GET /api/chat/sessions?page=1&pageSize=50 HTTP/1.0" 200 OK
INFO:     192.168.0.5:57394 - "GET /api/kb/subscriptions/list?page=1&pageSize=20 HTTP/1.0" 200 OK
INFO:     192.168.0.5:57396 - "GET /api/kb/featured/list?page=1&pageSize=30 HTTP/1.0" 200 OK
INFO:     192.168.0.5:57408 - "GET /api/kb?page=1&pageSize=20 HTTP/1.0" 200 OK
INFO:     192.168.0.5:57378 - "GET /api/chat/sessions?page=1&pageSize=50 HTTP/1.0" 200 OK
INFO:     192.168.0.5:57426 - "GET /api/favorites/kb?page=1&pageSize=20 HTTP/1.0" 200 OK
INFO:     192.168.0.5:57414 - "GET /api/chat/sessions?page=1&pageSize=50 HTTP/1.0" 200 OK
INFO:     192.168.0.5:33166 - "GET /api/favorites/document?page=1&pageSize=20 HTTP/1.0" 200 OK
INFO:     192.168.0.5:33168 - "GET /api/kb/2ab682b3-3a88-4b3b-a859-7057df76a430/documents/d4dfdf65-03de-4dc6-92c4-1ee3703d8fbe/url HTTP/1.0" 200 OK
INFO:     192.168.0.5:35332 - "GET /api/kb/subscriptions/list?page=1&pageSize=20 HTTP/1.0" 200 OK
INFO:     192.168.0.5:35356 - "GET /api/kb?page=1&pageSize=20 HTTP/1.0" 200 OK
INFO:     192.168.0.5:35366 - "GET /api/kb/featured/list?page=1&pageSize=30 HTTP/1.0" 200 OK
INFO:     192.168.0.5:35346 - "GET /api/chat/sessions?page=1&pageSize=50 HTTP/1.0" 200 OK
INFO:     192.168.0.5:35374 - "GET /api/kb?page=1&pageSize=20 HTTP/1.0" 200 OK
INFO:     192.168.0.5:35372 - "GET /api/kb/subscriptions/list?page=1&pageSize=20 HTTP/1.0" 200 OK
INFO:     192.168.0.5:35402 - "GET /api/kb/quota HTTP/1.0" 200 OK
INFO:     192.168.0.5:35394 - "GET /api/kb/2ab682b3-3a88-4b3b-a859-7057df76a430/documents?page=1&pageSize=20 HTTP/1.0" 200 OK
INFO:     192.168.0.5:35382 - "GET /api/kb/2ab682b3-3a88-4b3b-a859-7057df76a430/info HTTP/1.0" 200 OK
INFO:     192.168.0.5:56948 - "GET /api/kb/featured/list?page=1&pageSize=30 HTTP/1.0" 200 OK
INFO:     192.168.0.5:56940 - "GET /api/kb/subscriptions/list?page=1&pageSize=20 HTTP/1.0" 200 OK
INFO:     192.168.0.5:56938 - "GET /api/kb?page=1&pageSize=20 HTTP/1.0" 200 OK
INFO:     192.168.0.5:56962 - "GET /api/chat/sessions?page=1&pageSize=50 HTTP/1.0" 200 OK
INFO:     192.168.0.5:56984 - "GET /api/favorites/kb?page=1&pageSize=20 HTTP/1.0" 200 OK
INFO:     192.168.0.5:56976 - "GET /api/chat/sessions?page=1&pageSize=50 HTTP/1.0" 200 OK
INFO:     192.168.0.5:57000 - "GET /api/favorites/document?page=1&pageSize=20 HTTP/1.0" 200 OK
INFO:     192.168.0.5:47816 - "GET /api/notes/folders HTTP/1.0" 200 OK
INFO:     192.168.0.5:47828 - "GET /api/notes?page=1&pageSize=100 HTTP/1.0" 200 OK
INFO:     192.168.0.5:47800 - "GET /api/chat/sessions?page=1&pageSize=50 HTTP/1.0" 200 OK
INFO:     192.168.0.5:47844 - "GET /api/favorites/kb?page=1&pageSize=20 HTTP/1.0" 200 OK
INFO:     192.168.0.5:47836 - "GET /api/chat/sessions?page=1&pageSize=50 HTTP/1.0" 200 OK
INFO:     192.168.0.5:47854 - "GET /api/kb/subscriptions/list?page=1&pageSize=20 HTTP/1.0" 200 OK
INFO:     192.168.0.5:47876 - "GET /api/kb?page=1&pageSize=20 HTTP/1.0" 200 OK
INFO:     192.168.0.5:47882 - "GET /api/kb/featured/list?page=1&pageSize=30 HTTP/1.0" 200 OK
INFO:     192.168.0.5:47860 - "GET /api/chat/sessions?page=1&pageSize=50 HTTP/1.0" 200 OK
INFO:     192.168.0.5:47898 - "GET /api/favorites/kb?page=1&pageSize=20 HTTP/1.0" 200 OK
INFO:     192.168.0.5:47894 - "GET /api/chat/sessions?page=1&pageSize=50 HTTP/1.0" 200 OK
INFO:     192.168.0.5:47904 - "GET /api/favorites/document?page=1&pageSize=20 HTTP/1.0" 200 OK
INFO:     192.168.0.5:47916 - "GET /api/kb/2ab682b3-3a88-4b3b-a859-7057df76a430/documents/d4dfdf65-03de-4dc6-92c4-1ee3703d8fbe/url HTTP/1.0" 200 OK
INFO:     192.168.0.5:47926 - "GET /api/kb/subscriptions/list?page=1&pageSize=20 HTTP/1.0" 200 OK
INFO:     192.168.0.5:47942 - "GET /api/kb?page=1&pageSize=20 HTTP/1.0" 200 OK
INFO:     192.168.0.5:47960 - "GET /api/kb/featured/list?page=1&pageSize=30 HTTP/1.0" 200 OK
INFO:     192.168.0.5:47956 - "GET /api/chat/sessions?page=1&pageSize=50 HTTP/1.0" 200 OK
INFO:     192.168.0.5:58622 - "GET /api/kb?page=1&pageSize=20 HTTP/1.0" 200 OK
INFO:     192.168.0.5:58632 - "GET /api/kb/quota HTTP/1.0" 200 OK
INFO:     192.168.0.5:58640 - "GET /api/kb/subscriptions/list?page=1&pageSize=20 HTTP/1.0" 200 OK
INFO:     192.168.0.5:58668 - "GET /api/kb/2ab682b3-3a88-4b3b-a859-7057df76a430/documents?page=1&pageSize=20 HTTP/1.0" 200 OK
INFO:     192.168.0.5:58656 - "GET /api/kb/2ab682b3-3a88-4b3b-a859-7057df76a430/info HTTP/1.0" 200 OK
INFO:     192.168.0.5:58678 - "GET /api/kb/subscriptions/list?page=1&pageSize=20 HTTP/1.0" 200 OK
INFO:     192.168.0.5:58702 - "GET /api/kb?page=1&pageSize=20 HTTP/1.0" 200 OK
INFO:     192.168.0.5:58690 - "GET /api/kb/featured/list?page=1&pageSize=30 HTTP/1.0" 200 OK
INFO:     192.168.0.5:58716 - "GET /api/chat/sessions?page=1&pageSize=50 HTTP/1.0" 200 OK
INFO:     192.168.0.5:58728 - "GET /api/notes/folders HTTP/1.0" 200 OK
INFO:     192.168.0.5:58720 - "GET /api/chat/sessions?page=1&pageSize=50 HTTP/1.0" 200 OK
INFO:     192.168.0.5:58742 - "GET /api/notes?page=1&pageSize=100 HTTP/1.0" 200 OK
INFO:     192.168.0.5:58758 - "GET /api/favorites/kb?page=1&pageSize=20 HTTP/1.0" 200 OK
INFO:     192.168.0.5:58770 - "GET /api/chat/sessions?page=1&pageSize=50 HTTP/1.0" 200 OK
INFO:     192.168.0.5:58786 - "GET /api/favorites/document?page=1&pageSize=20 HTTP/1.0" 200 OK
INFO:     192.168.0.5:46248 - "GET /api/kb/subscriptions/list?page=1&pageSize=20 HTTP/1.0" 200 OK
INFO:     192.168.0.5:46268 - "GET /api/kb?page=1&pageSize=20 HTTP/1.0" 200 OK
INFO:     192.168.0.5:46270 - "GET /api/kb/featured/list?page=1&pageSize=30 HTTP/1.0" 200 OK
INFO:     192.168.0.5:46260 - "GET /api/chat/sessions?page=1&pageSize=50 HTTP/1.0" 200 OK
INFO:     192.168.0.5:46276 - "GET /api/kb/subscriptions/list?page=1&pageSize=20 HTTP/1.0" 200 OK
INFO:     192.168.0.5:46280 - "GET /api/kb?page=1&pageSize=20 HTTP/1.0" 200 OK
INFO:     192.168.0.5:46304 - "GET /api/kb/quota HTTP/1.0" 200 OK
INFO:     192.168.0.5:46310 - "GET /api/kb/2ab682b3-3a88-4b3b-a859-7057df76a430/documents?page=1&pageSize=20 HTTP/1.0" 200 OK
INFO:     192.168.0.5:46294 - "GET /api/kb/2ab682b3-3a88-4b3b-a859-7057df76a430/info HTTP/1.0" 200 OK
INFO:     192.168.0.5:46312 - "GET /api/kb/subscriptions/list?page=1&pageSize=20 HTTP/1.0" 200 OK
INFO:     192.168.0.5:46340 - "GET /api/kb?page=1&pageSize=20 HTTP/1.0" 200 OK
INFO:     192.168.0.5:46344 - "GET /api/kb/featured/list?page=1&pageSize=30 HTTP/1.0" 200 OK
INFO:     192.168.0.5:46326 - "GET /api/chat/sessions?page=1&pageSize=50 HTTP/1.0" 200 OK
INFO:     192.168.0.5:46354 - "GET /api/kb/quota HTTP/1.0" 200 OK
INFO:     192.168.0.5:46360 - "GET /api/kb/8363fa92-4d29-485d-abc7-01a6aaeb8c46/info HTTP/1.0" 200 OK
INFO:     192.168.0.5:46350 - "GET /api/kb/subscriptions/list?page=1&pageSize=20 HTTP/1.0" 200 OK
INFO:     192.168.0.5:46368 - "GET /api/kb?page=1&pageSize=20 HTTP/1.0" 200 OK
INFO:     192.168.0.5:46372 - "GET /api/kb/8363fa92-4d29-485d-abc7-01a6aaeb8c46/documents?page=1&pageSize=20 HTTP/1.0" 200 OK
INFO:     192.168.0.5:46384 - "GET /api/favorites/kb?page=1&pageSize=20 HTTP/1.0" 200 OK
INFO:     192.168.0.5:46394 - "GET /api/chat/sessions?page=1&pageSize=50 HTTP/1.0" 200 OK
INFO:     192.168.0.5:35834 - "GET /api/kb/featured/list?page=1&pageSize=30 HTTP/1.0" 200 OK
INFO:     192.168.0.5:35830 - "GET /api/kb/subscriptions/list?page=1&pageSize=20 HTTP/1.0" 200 OK
INFO:     192.168.0.5:35850 - "GET /api/kb?page=1&pageSize=20 HTTP/1.0" 200 OK
INFO:     192.168.0.5:35838 - "GET /api/chat/sessions?page=1&pageSize=50 HTTP/1.0" 200 OK
INFO:     192.168.0.5:35858 - "GET /api/kb?page=1&pageSize=20 HTTP/1.0" 200 OK
INFO:     192.168.0.5:35880 - "GET /api/kb/8363fa92-4d29-485d-abc7-01a6aaeb8c46/info HTTP/1.0" 200 OK
INFO:     192.168.0.5:35868 - "GET /api/kb/quota HTTP/1.0" 200 OK
INFO:     192.168.0.5:35862 - "GET /api/kb/subscriptions/list?page=1&pageSize=20 HTTP/1.0" 200 OK
INFO:     192.168.0.5:35894 - "GET /api/kb/8363fa92-4d29-485d-abc7-01a6aaeb8c46/documents?page=1&pageSize=20 HTTP/1.0" 200 OK
INFO:     192.168.0.5:49504 - "GET /api/kb/subscriptions/list?page=1&pageSize=20 HTTP/1.0" 200 OK
INFO:     192.168.0.5:49522 - "GET /api/kb/8363fa92-4d29-485d-abc7-01a6aaeb8c46/info HTTP/1.0" 200 OK
INFO:     192.168.0.5:49518 - "GET /api/kb/quota HTTP/1.0" 200 OK
INFO:     192.168.0.5:49506 - "GET /api/kb?page=1&pageSize=20 HTTP/1.0" 200 OK
INFO:     192.168.0.5:49528 - "GET /api/kb/8363fa92-4d29-485d-abc7-01a6aaeb8c46/documents?page=1&pageSize=20 HTTP/1.0" 200 OK
INFO:     192.168.0.5:49532 - "GET /api/kb/subscriptions/list?page=1&pageSize=20 HTTP/1.0" 200 OK
INFO:     192.168.0.5:49540 - "GET /api/kb?page=1&pageSize=20 HTTP/1.0" 200 OK
INFO:     192.168.0.5:49544 - "GET /api/kb/featured/list?page=1&pageSize=30 HTTP/1.0" 200 OK
INFO:     192.168.0.5:49552 - "GET /api/chat/sessions?page=1&pageSize=50 HTTP/1.0" 200 OK
INFO:     192.168.0.5:41412 - "GET /api/favorites/kb?page=1&pageSize=20 HTTP/1.0" 200 OK
INFO:     192.168.0.5:41414 - "GET /api/chat/sessions?page=1&pageSize=50 HTTP/1.0" 200 OK
INFO:     192.168.0.5:41422 - "GET /api/kb/subscriptions/list?page=1&pageSize=20 HTTP/1.0" 200 OK
INFO:     192.168.0.5:41444 - "GET /api/kb?page=1&pageSize=20 HTTP/1.0" 200 OK
INFO:     192.168.0.5:41458 - "GET /api/kb/featured/list?page=1&pageSize=30 HTTP/1.0" 200 OK
INFO:     192.168.0.5:41430 - "GET /api/chat/sessions?page=1&pageSize=50 HTTP/1.0" 200 OK
INFO:     192.168.0.5:41480 - "GET /api/favorites/kb?page=1&pageSize=20 HTTP/1.0" 200 OK
INFO:     192.168.0.5:41470 - "GET /api/chat/sessions?page=1&pageSize=50 HTTP/1.0" 200 OK
INFO:     192.168.0.5:41488 - "GET /api/favorites/document?page=1&pageSize=20 HTTP/1.0" 200 OK
INFO:     192.168.0.5:41492 - "GET /api/kb/2ab682b3-3a88-4b3b-a859-7057df76a430/documents/d4dfdf65-03de-4dc6-92c4-1ee3703d8fbe/url HTTP/1.0" 200 OK
INFO:     192.168.0.5:41504 - "GET /api/kb/subscriptions/list?page=1&pageSize=20 HTTP/1.0" 200 OK
INFO:     192.168.0.5:41516 - "GET /api/kb?page=1&pageSize=20 HTTP/1.0" 200 OK
INFO:     192.168.0.5:41544 - "GET /api/kb/featured/list?page=1&pageSize=30 HTTP/1.0" 200 OK
INFO:     192.168.0.5:41528 - "GET /api/chat/sessions?page=1&pageSize=50 HTTP/1.0" 200 OK
INFO:     192.168.0.5:41560 - "GET /api/kb/subscriptions/list?page=1&pageSize=20 HTTP/1.0" 200 OK
INFO:     192.168.0.5:41580 - "GET /api/kb/quota HTTP/1.0" 200 OK
INFO:     192.168.0.5:41570 - "GET /api/kb?page=1&pageSize=20 HTTP/1.0" 200 OK
INFO:     192.168.0.5:41604 - "GET /api/kb/2ab682b3-3a88-4b3b-a859-7057df76a430/documents?page=1&pageSize=20 HTTP/1.0" 200 OK
INFO:     192.168.0.5:41590 - "GET /api/kb/2ab682b3-3a88-4b3b-a859-7057df76a430/info HTTP/1.0" 200 OK
INFO:     192.168.0.5:49834 - "GET /api/kb/quota HTTP/1.0" 200 OK
INFO:     192.168.0.5:49822 - "GET /api/kb/subscriptions/list?page=1&pageSize=20 HTTP/1.0" 200 OK
INFO:     192.168.0.5:49854 - "GET /api/kb?page=1&pageSize=20 HTTP/1.0" 200 OK
INFO:     192.168.0.5:49870 - "GET /api/kb/2ab682b3-3a88-4b3b-a859-7057df76a430/documents?page=1&pageSize=20 HTTP/1.0" 200 OK
INFO:     192.168.0.5:49846 - "GET /api/kb/2ab682b3-3a88-4b3b-a859-7057df76a430/info HTTP/1.0" 200 OK
INFO:     192.168.0.5:49882 - "GET /api/kb/4b7ffb4d-6707-4d19-8f76-ecff1c11fabb/info HTTP/1.0" 200 OK
INFO:     192.168.0.5:49872 - "GET /api/kb/4b7ffb4d-6707-4d19-8f76-ecff1c11fabb/documents?page=1&pageSize=20 HTTP/1.0" 200 OK
INFO:     192.168.0.5:49906 - "GET /api/kb/8363fa92-4d29-485d-abc7-01a6aaeb8c46/info HTTP/1.0" 200 OK
INFO:     192.168.0.5:49890 - "GET /api/kb/8363fa92-4d29-485d-abc7-01a6aaeb8c46/documents?page=1&pageSize=20 HTTP/1.0" 200 OK
INFO:     192.168.0.5:49922 - "GET /api/kb/quota HTTP/1.0" 200 OK
INFO:     192.168.0.5:49944 - "GET /api/kb/8363fa92-4d29-485d-abc7-01a6aaeb8c46/info HTTP/1.0" 200 OK
INFO:     192.168.0.5:49916 - "GET /api/kb/subscriptions/list?page=1&pageSize=20 HTTP/1.0" 200 OK
INFO:     192.168.0.5:49928 - "GET /api/kb?page=1&pageSize=20 HTTP/1.0" 200 OK
INFO:     192.168.0.5:49950 - "GET /api/kb/8363fa92-4d29-485d-abc7-01a6aaeb8c46/documents?page=1&pageSize=20 HTTP/1.0" 200 OK
INFO:     192.168.0.5:57158 - "GET /api/kb/subscriptions/list?page=1&pageSize=20 HTTP/1.0" 200 OK
INFO:     192.168.0.5:57166 - "GET /api/kb?page=1&pageSize=20 HTTP/1.0" 200 OK
INFO:     192.168.0.5:57182 - "GET /api/kb/8363fa92-4d29-485d-abc7-01a6aaeb8c46/info HTTP/1.0" 200 OK
INFO:     192.168.0.5:57192 - "GET /api/kb/quota HTTP/1.0" 200 OK
INFO:     192.168.0.5:57208 - "GET /api/kb/8363fa92-4d29-485d-abc7-01a6aaeb8c46/documents?page=1&pageSize=20 HTTP/1.0" 200 OK
INFO:     192.168.0.5:57194 - "GET /api/chat/sessions?page=1&pageSize=50 HTTP/1.0" 200 OK
INFO:     192.168.0.5:57222 - "GET /api/kb/2ab682b3-3a88-4b3b-a859-7057df76a430/info HTTP/1.0" 200 OK
INFO:     192.168.0.5:57234 - "GET /api/kb/2ab682b3-3a88-4b3b-a859-7057df76a430/documents?page=1&pageSize=20 HTTP/1.0" 200 OK
INFO:     192.168.0.5:57250 - "GET /api/kb/2ab682b3-3a88-4b3b-a859-7057df76a430/documents/d4dfdf65-03de-4dc6-92c4-1ee3703d8fbe/url HTTP/1.0" 200 OK
INFO:     192.168.0.5:57252 - "GET /api/kb/4b7ffb4d-6707-4d19-8f76-ecff1c11fabb/info HTTP/1.0" 200 OK
INFO:     192.168.0.5:57262 - "GET /api/kb/4b7ffb4d-6707-4d19-8f76-ecff1c11fabb/documents?page=1&pageSize=20 HTTP/1.0" 200 OK
INFO:     192.168.0.5:50400 - "GET /api/kb/8363fa92-4d29-485d-abc7-01a6aaeb8c46/info HTTP/1.0" 200 OK
INFO:     192.168.0.5:50398 - "GET /api/kb/8363fa92-4d29-485d-abc7-01a6aaeb8c46/documents?page=1&pageSize=20 HTTP/1.0" 200 OK
INFO:     192.168.0.5:50428 - "GET /api/kb/8363fa92-4d29-485d-abc7-01a6aaeb8c46/documents/798af9a8-e89c-4ebf-8d74-1568258dd77a/url HTTP/1.0" 200 OK
INFO:     192.168.0.5:39706 - "GET /api/kb/subscriptions/list?page=1&pageSize=20 HTTP/1.0" 200 OK
INFO:     192.168.0.5:39714 - "GET /api/kb?page=1&pageSize=20 HTTP/1.0" 200 OK
INFO:     192.168.0.5:39726 - "GET /api/kb/featured/list?page=1&pageSize=30 HTTP/1.0" 200 OK
INFO:     192.168.0.5:39710 - "GET /api/chat/sessions?page=1&pageSize=50 HTTP/1.0" 200 OK
INFO:     192.168.0.5:39732 - "GET /api/favorites/kb?page=1&pageSize=20 HTTP/1.0" 200 OK
INFO:     192.168.0.5:39748 - "GET /api/chat/sessions?page=1&pageSize=50 HTTP/1.0" 200 OK
INFO:     192.168.0.5:39764 - "GET /api/notes/folders HTTP/1.0" 200 OK
INFO:     192.168.0.5:39776 - "GET /api/notes?page=1&pageSize=100 HTTP/1.0" 200 OK
INFO:     192.168.0.5:39752 - "GET /api/chat/sessions?page=1&pageSize=50 HTTP/1.0" 200 OK
INFO:     192.168.0.5:57644 - "GET /api/kb?page=1&pageSize=20 HTTP/1.0" 200 OK
INFO:     192.168.0.5:57626 - "GET /api/kb/subscriptions/list?page=1&pageSize=20 HTTP/1.0" 200 OK
INFO:     192.168.0.5:57658 - "GET /api/kb/featured/list?page=1&pageSize=30 HTTP/1.0" 200 OK
INFO:     192.168.0.5:57636 - "GET /api/chat/sessions?page=1&pageSize=50 HTTP/1.0" 200 OK
INFO:     192.168.0.5:57672 - "GET /api/kb/subscriptions/list?page=1&pageSize=20 HTTP/1.0" 200 OK
INFO:     192.168.0.5:57674 - "GET /api/kb?page=1&pageSize=20 HTTP/1.0" 200 OK
INFO:     192.168.0.5:57690 - "GET /api/kb/quota HTTP/1.0" 200 OK
INFO:     192.168.0.5:57704 - "GET /api/kb/2ab682b3-3a88-4b3b-a859-7057df76a430/info HTTP/1.0" 200 OK
INFO:     192.168.0.5:57710 - "GET /api/kb/2ab682b3-3a88-4b3b-a859-7057df76a430/documents?page=1&pageSize=20 HTTP/1.0" 200 OK
INFO:     192.168.0.5:57698 - "GET /api/chat/sessions?page=1&pageSize=50 HTTP/1.0" 200 OK
INFO:     192.168.0.5:57722 - "GET /api/kb/2ab682b3-3a88-4b3b-a859-7057df76a430/documents/d4dfdf65-03de-4dc6-92c4-1ee3703d8fbe/url HTTP/1.0" 200 OK
INFO:     192.168.0.5:59246 - "GET /api/kb/subscriptions/list?page=1&pageSize=20 HTTP/1.0" 200 OK
INFO:     192.168.0.5:59270 - "GET /api/kb?page=1&pageSize=20 HTTP/1.0" 200 OK
INFO:     192.168.0.5:59286 - "GET /api/kb/featured/list?page=1&pageSize=30 HTTP/1.0" 200 OK
INFO:     192.168.0.5:59258 - "GET /api/chat/sessions?page=1&pageSize=50 HTTP/1.0" 200 OK
INFO:     192.168.0.5:38680 - "GET /api/kb/subscriptions/list?page=1&pageSize=20 HTTP/1.0" 200 OK
INFO:     192.168.0.5:38706 - "GET /api/kb/featured/list?page=1&pageSize=30 HTTP/1.0" 200 OK
INFO:     192.168.0.5:38712 - "GET /api/kb?page=1&pageSize=20 HTTP/1.0" 200 OK
INFO:     192.168.0.5:38694 - "GET /api/chat/sessions?page=1&pageSize=50 HTTP/1.0" 200 OK
INFO:     192.168.0.5:38738 - "GET /api/kb/quota HTTP/1.0" 200 OK
INFO:     192.168.0.5:38726 - "GET /api/kb?page=1&pageSize=20 HTTP/1.0" 200 OK
INFO:     192.168.0.5:38718 - "GET /api/kb/subscriptions/list?page=1&pageSize=20 HTTP/1.0" 200 OK
INFO:     192.168.0.5:38758 - "GET /api/kb/4b7ffb4d-6707-4d19-8f76-ecff1c11fabb/documents?page=1&pageSize=20 HTTP/1.0" 200 OK
INFO:     192.168.0.5:38768 - "GET /api/kb/4b7ffb4d-6707-4d19-8f76-ecff1c11fabb/info HTTP/1.0" 200 OK
INFO:     192.168.0.5:38746 - "GET /api/chat/sessions?page=1&pageSize=50 HTTP/1.0" 200 OK
INFO:     192.168.0.5:38788 - "GET /api/kb/4b7ffb4d-6707-4d19-8f76-ecff1c11fabb/info HTTP/1.0" 200 OK
INFO:     192.168.0.5:38784 - "GET /api/kb/subscriptions/list?page=1&pageSize=20 HTTP/1.0" 200 OK
INFO:     192.168.0.5:38796 - "GET /api/kb?page=1&pageSize=20 HTTP/1.0" 200 OK
INFO:     192.168.0.5:38808 - "GET /api/kb/quota HTTP/1.0" 200 OK
INFO:     192.168.0.5:38814 - "GET /api/kb/4b7ffb4d-6707-4d19-8f76-ecff1c11fabb/documents?page=1&pageSize=20 HTTP/1.0" 200 OK
INFO:     192.168.0.5:38786 - "GET /api/chat/sessions?page=1&pageSize=50 HTTP/1.0" 200 OK
INFO:     192.168.0.5:38836 - "GET /api/kb/quota HTTP/1.0" 200 OK
INFO:     192.168.0.5:38820 - "GET /api/kb/subscriptions/list?page=1&pageSize=20 HTTP/1.0" 200 OK
INFO:     192.168.0.5:38854 - "GET /api/kb/4b7ffb4d-6707-4d19-8f76-ecff1c11fabb/documents?page=1&pageSize=20 HTTP/1.0" 200 OK
INFO:     192.168.0.5:38856 - "GET /api/kb/4b7ffb4d-6707-4d19-8f76-ecff1c11fabb/info HTTP/1.0" 200 OK
INFO:     192.168.0.5:38850 - "GET /api/kb?page=1&pageSize=20 HTTP/1.0" 200 OK
INFO:     192.168.0.5:38870 - "GET /api/chat/sessions?page=1&pageSize=50 HTTP/1.0" 200 OK
INFO:     192.168.0.5:56242 - "GET /api/kb/subscriptions/list?page=1&pageSize=20 HTTP/1.0" 200 OK
INFO:     192.168.0.5:56250 - "GET /api/kb?page=1&pageSize=20 HTTP/1.0" 200 OK
INFO:     192.168.0.5:56254 - "GET /api/kb/quota HTTP/1.0" 200 OK
INFO:     192.168.0.5:56268 - "GET /api/kb/4b7ffb4d-6707-4d19-8f76-ecff1c11fabb/info HTTP/1.0" 200 OK
INFO:     192.168.0.5:56270 - "GET /api/kb/4b7ffb4d-6707-4d19-8f76-ecff1c11fabb/documents?page=1&pageSize=20 HTTP/1.0" 200 OK
INFO:     192.168.0.5:56266 - "GET /api/chat/sessions?page=1&pageSize=50 HTTP/1.0" 200 OK
INFO:     192.168.0.5:56272 - "GET /api/chat/sessions?page=1&pageSize=50 HTTP/1.0" 200 OK
INFO:     192.168.0.5:56280 - "GET /api/kb/subscriptions/list?page=1&pageSize=20 HTTP/1.0" 200 OK
INFO:     192.168.0.5:56288 - "GET /api/chat/sessions?page=1&pageSize=50 HTTP/1.0" 200 OK
INFO:     192.168.0.5:56292 - "GET /api/kb?page=1&pageSize=20 HTTP/1.0" 200 OK
INFO:     192.168.0.5:56298 - "GET /api/kb/featured/list?page=1&pageSize=30 HTTP/1.0" 200 OK
INFO:     192.168.0.5:56314 - "GET /api/favorites/kb?page=1&pageSize=20 HTTP/1.0" 200 OK
INFO:     192.168.0.5:56302 - "GET /api/chat/sessions?page=1&pageSize=50 HTTP/1.0" 200 OK
INFO:     192.168.0.5:48702 - "GET /api/kb?page=1&pageSize=20 HTTP/1.0" 200 OK
INFO:     192.168.0.5:48716 - "GET /api/kb/featured/list?page=1&pageSize=30 HTTP/1.0" 200 OK
INFO:     192.168.0.5:48696 - "GET /api/kb/subscriptions/list?page=1&pageSize=20 HTTP/1.0" 200 OK
INFO:     192.168.0.5:48714 - "GET /api/chat/sessions?page=1&pageSize=50 HTTP/1.0" 200 OK
INFO:     192.168.0.5:48722 - "GET /api/kb/subscriptions/list?page=1&pageSize=20 HTTP/1.0" 200 OK
INFO:     192.168.0.5:48750 - "GET /api/kb/8363fa92-4d29-485d-abc7-01a6aaeb8c46/info HTTP/1.0" 200 OK
INFO:     192.168.0.5:48736 - "GET /api/kb/quota HTTP/1.0" 200 OK
INFO:     192.168.0.5:48724 - "GET /api/kb?page=1&pageSize=20 HTTP/1.0" 200 OK
INFO:     192.168.0.5:48740 - "GET /api/kb/8363fa92-4d29-485d-abc7-01a6aaeb8c46/documents?page=1&pageSize=20 HTTP/1.0" 200 OK
INFO:     192.168.0.5:48726 - "GET /api/chat/sessions?page=1&pageSize=50 HTTP/1.0" 200 OK
INFO:     192.168.0.5:48762 - "GET /api/kb/4b7ffb4d-6707-4d19-8f76-ecff1c11fabb/info HTTP/1.0" 200 OK
INFO:     192.168.0.5:48776 - "GET /api/kb/4b7ffb4d-6707-4d19-8f76-ecff1c11fabb/documents?page=1&pageSize=20 HTTP/1.0" 200 OK
INFO:     192.168.0.5:48060 - "GET /api/kb/4b7ffb4d-6707-4d19-8f76-ecff1c11fabb/info HTTP/1.0" 200 OK
INFO:     192.168.0.5:48038 - "GET /api/kb?page=1&pageSize=20 HTTP/1.0" 200 OK
INFO:     192.168.0.5:48044 - "GET /api/kb/quota HTTP/1.0" 200 OK
INFO:     192.168.0.5:48068 - "GET /api/kb/subscriptions/list?page=1&pageSize=20 HTTP/1.0" 200 OK
INFO:     192.168.0.5:48082 - "GET /api/kb/4b7ffb4d-6707-4d19-8f76-ecff1c11fabb/documents?page=1&pageSize=20 HTTP/1.0" 200 OK
INFO:     192.168.0.5:48092 - "GET /api/chat/sessions?page=1&pageSize=50 HTTP/1.0" 200 OK
INFO:     192.168.0.5:48106 - "GET /api/kb/subscriptions/list?page=1&pageSize=20 HTTP/1.0" 200 OK
INFO:     192.168.0.5:48126 - "GET /api/kb?page=1&pageSize=20 HTTP/1.0" 200 OK
INFO:     192.168.0.5:48118 - "GET /api/kb/featured/list?page=1&pageSize=30 HTTP/1.0" 200 OK
INFO:     192.168.0.5:48138 - "GET /api/chat/sessions?page=1&pageSize=50 HTTP/1.0" 200 OK
INFO:     192.168.0.5:48162 - "GET /api/kb/quota HTTP/1.0" 200 OK
INFO:     192.168.0.5:48142 - "GET /api/kb/subscriptions/list?page=1&pageSize=20 HTTP/1.0" 200 OK
INFO:     192.168.0.5:48146 - "GET /api/kb?page=1&pageSize=20 HTTP/1.0" 200 OK
INFO:     192.168.0.5:48194 - "GET /api/kb/2ab682b3-3a88-4b3b-a859-7057df76a430/info HTTP/1.0" 200 OK
INFO:     192.168.0.5:48178 - "GET /api/chat/sessions?page=1&pageSize=50 HTTP/1.0" 200 OK
INFO:     192.168.0.5:48198 - "GET /api/kb/2ab682b3-3a88-4b3b-a859-7057df76a430/documents?page=1&pageSize=20 HTTP/1.0" 200 OK
INFO:     192.168.0.5:48200 - "GET /api/chat/sessions/69a26b50-cfa0-4e79-8854-f3435d371444/messages HTTP/1.0" 200 OK
